{"/Users/czzou/work/tars_node/rpc/protal.js":{"path":"/Users/czzou/work/tars_node/rpc/protal.js","s":{"1":1,"2":1,"3":1,"4":1,"5":1,"6":1,"7":1,"8":1,"9":1},"b":{},"f":{},"fnMap":{},"statementMap":{"1":{"start":{"line":4,"column":0},"end":{"line":4,"column":33}},"2":{"start":{"line":6,"column":0},"end":{"line":6,"column":44}},"3":{"start":{"line":7,"column":0},"end":{"line":7,"column":84}},"4":{"start":{"line":8,"column":0},"end":{"line":8,"column":84}},"5":{"start":{"line":9,"column":0},"end":{"line":9,"column":80}},"6":{"start":{"line":10,"column":0},"end":{"line":10,"column":90}},"7":{"start":{"line":11,"column":0},"end":{"line":11,"column":76}},"8":{"start":{"line":12,"column":0},"end":{"line":12,"column":56}},"9":{"start":{"line":13,"column":0},"end":{"line":13,"column":56}}},"branchMap":{}},"/Users/czzou/work/tars_node/rpc/core/client/Communicator.js":{"path":"/Users/czzou/work/tars_node/rpc/core/client/Communicator.js","s":{"1":1,"2":1,"3":1,"4":1,"5":1,"6":1,"7":12,"8":12,"9":12,"10":12,"11":12,"12":1,"13":1,"14":10,"15":1,"16":0,"17":1,"18":12,"19":1,"20":1,"21":4,"22":4,"23":1,"24":27,"25":1,"26":12,"27":12,"28":0,"29":0,"30":0,"31":0,"32":0,"33":0,"34":0,"35":0,"36":0,"37":0,"38":0,"39":0,"40":1,"41":12,"42":12,"43":12,"44":12,"45":12,"46":12,"47":12,"48":12,"49":12,"50":12,"51":12,"52":1,"53":11,"54":11,"55":11,"56":1,"57":0,"58":1,"59":4,"60":0,"61":0,"62":0,"63":0,"64":0,"65":0,"66":0,"67":0,"68":0,"69":0,"70":0,"71":0,"72":0,"73":1,"74":12,"75":12,"76":1,"77":11,"78":11,"79":11,"80":11,"81":0,"82":11,"83":11,"84":11,"85":1,"86":12,"87":1,"88":1,"89":1,"90":1,"91":1,"92":1,"93":1,"94":1,"95":0,"96":1,"97":0,"98":0,"99":0,"100":0,"101":0,"102":0,"103":0,"104":0,"105":0,"106":0,"107":0,"108":0},"b":{"1":[8,19],"2":[12,0],"3":[12,12,12],"4":[0,0],"5":[0,0],"6":[0,0],"7":[0,0],"8":[0,0],"9":[12,12],"10":[12,4,4],"11":[1,11],"12":[0,4],"13":[4,4],"14":[0,0],"15":[0,0,0],"16":[0,0],"17":[0,0],"18":[0,12],"19":[1,11],"20":[0,11],"21":[0,0],"22":[0,0],"23":[0,0]},"f":{"1":12,"2":10,"3":0,"4":12,"5":4,"6":27,"7":12,"8":12,"9":11,"10":0,"11":4,"12":12,"13":12,"14":1,"15":1,"16":0,"17":0,"18":0,"19":0},"fnMap":{"1":{"name":"(anonymous_1)","line":11,"loc":{"start":{"line":11,"column":19},"end":{"line":11,"column":31}}},"2":{"name":"(anonymous_2)","line":20,"loc":{"start":{"line":20,"column":53},"end":{"line":20,"column":65}}},"3":{"name":"(anonymous_3)","line":22,"loc":{"start":{"line":22,"column":54},"end":{"line":22,"column":66}}},"4":{"name":"(anonymous_4)","line":25,"loc":{"start":{"line":25,"column":19},"end":{"line":25,"column":31}}},"5":{"name":"(anonymous_5)","line":38,"loc":{"start":{"line":38,"column":37},"end":{"line":38,"column":61}}},"6":{"name":"(anonymous_6)","line":39,"loc":{"start":{"line":39,"column":37},"end":{"line":39,"column":61}}},"7":{"name":"(anonymous_7)","line":42,"loc":{"start":{"line":42,"column":37},"end":{"line":42,"column":59}}},"8":{"name":"(anonymous_8)","line":68,"loc":{"start":{"line":68,"column":39},"end":{"line":68,"column":92}}},"9":{"name":"(anonymous_9)","line":89,"loc":{"start":{"line":89,"column":33},"end":{"line":89,"column":45}}},"10":{"name":"(anonymous_10)","line":97,"loc":{"start":{"line":97,"column":36},"end":{"line":97,"column":48}}},"11":{"name":"(anonymous_11)","line":102,"loc":{"start":{"line":102,"column":39},"end":{"line":102,"column":51}}},"12":{"name":"(anonymous_12)","line":130,"loc":{"start":{"line":130,"column":44},"end":{"line":130,"column":86}}},"13":{"name":"(anonymous_13)","line":151,"loc":{"start":{"line":151,"column":36},"end":{"line":151,"column":54}}},"14":{"name":"(anonymous_14)","line":153,"loc":{"start":{"line":153,"column":21},"end":{"line":153,"column":41}}},"15":{"name":"(anonymous_15)","line":154,"loc":{"start":{"line":154,"column":29},"end":{"line":154,"column":41}}},"16":{"name":"(anonymous_16)","line":170,"loc":{"start":{"line":170,"column":48},"end":{"line":170,"column":60}}},"17":{"name":"updateLocator","line":172,"loc":{"start":{"line":172,"column":4},"end":{"line":173,"column":4}}},"18":{"name":"(anonymous_18)","line":185,"loc":{"start":{"line":185,"column":30},"end":{"line":185,"column":48}}},"19":{"name":"(anonymous_19)","line":190,"loc":{"start":{"line":190,"column":40},"end":{"line":190,"column":57}}}},"statementMap":{"1":{"start":{"line":4,"column":0},"end":{"line":4,"column":36}},"2":{"start":{"line":5,"column":0},"end":{"line":5,"column":36}},"3":{"start":{"line":6,"column":0},"end":{"line":6,"column":44}},"4":{"start":{"line":7,"column":0},"end":{"line":7,"column":48}},"5":{"start":{"line":8,"column":0},"end":{"line":8,"column":58}},"6":{"start":{"line":11,"column":0},"end":{"line":17,"column":2}},"7":{"start":{"line":12,"column":4},"end":{"line":12,"column":29}},"8":{"start":{"line":13,"column":4},"end":{"line":13,"column":29}},"9":{"start":{"line":14,"column":4},"end":{"line":14,"column":36}},"10":{"start":{"line":15,"column":4},"end":{"line":15,"column":32}},"11":{"start":{"line":16,"column":4},"end":{"line":16,"column":29}},"12":{"start":{"line":18,"column":0},"end":{"line":18,"column":43}},"13":{"start":{"line":20,"column":0},"end":{"line":20,"column":94}},"14":{"start":{"line":20,"column":67},"end":{"line":20,"column":90}},"15":{"start":{"line":22,"column":0},"end":{"line":22,"column":96}},"16":{"start":{"line":22,"column":68},"end":{"line":22,"column":92}},"17":{"start":{"line":25,"column":0},"end":{"line":27,"column":2}},"18":{"start":{"line":26,"column":4},"end":{"line":26,"column":30}},"19":{"start":{"line":30,"column":0},"end":{"line":35,"column":2}},"20":{"start":{"line":38,"column":0},"end":{"line":38,"column":122}},"21":{"start":{"line":38,"column":63},"end":{"line":38,"column":93}},"22":{"start":{"line":38,"column":94},"end":{"line":38,"column":115}},"23":{"start":{"line":39,"column":0},"end":{"line":39,"column":122}},"24":{"start":{"line":39,"column":63},"end":{"line":39,"column":119}},"25":{"start":{"line":42,"column":0},"end":{"line":65,"column":2}},"26":{"start":{"line":43,"column":4},"end":{"line":45,"column":5}},"27":{"start":{"line":44,"column":8},"end":{"line":44,"column":16}},"28":{"start":{"line":47,"column":4},"end":{"line":47,"column":34}},"29":{"start":{"line":49,"column":4},"end":{"line":49,"column":29}},"30":{"start":{"line":52,"column":4},"end":{"line":52,"column":38}},"31":{"start":{"line":53,"column":4},"end":{"line":53,"column":69}},"32":{"start":{"line":55,"column":4},"end":{"line":55,"column":48}},"33":{"start":{"line":57,"column":4},"end":{"line":57,"column":112}},"34":{"start":{"line":58,"column":4},"end":{"line":58,"column":95}},"35":{"start":{"line":59,"column":4},"end":{"line":59,"column":65}},"36":{"start":{"line":61,"column":4},"end":{"line":61,"column":134}},"37":{"start":{"line":62,"column":4},"end":{"line":62,"column":143}},"38":{"start":{"line":63,"column":4},"end":{"line":63,"column":132}},"39":{"start":{"line":64,"column":4},"end":{"line":64,"column":125}},"40":{"start":{"line":68,"column":0},"end":{"line":86,"column":2}},"41":{"start":{"line":69,"column":4},"end":{"line":69,"column":28}},"42":{"start":{"line":70,"column":4},"end":{"line":70,"column":22}},"43":{"start":{"line":73,"column":4},"end":{"line":73,"column":84}},"44":{"start":{"line":74,"column":4},"end":{"line":74,"column":174}},"45":{"start":{"line":76,"column":4},"end":{"line":76,"column":60}},"46":{"start":{"line":77,"column":4},"end":{"line":77,"column":48}},"47":{"start":{"line":80,"column":4},"end":{"line":80,"column":35}},"48":{"start":{"line":81,"column":4},"end":{"line":81,"column":29}},"49":{"start":{"line":82,"column":4},"end":{"line":82,"column":85}},"50":{"start":{"line":83,"column":4},"end":{"line":83,"column":43}},"51":{"start":{"line":85,"column":4},"end":{"line":85,"column":17}},"52":{"start":{"line":89,"column":0},"end":{"line":95,"column":2}},"53":{"start":{"line":90,"column":4},"end":{"line":94,"column":5}},"54":{"start":{"line":91,"column":8},"end":{"line":91,"column":37}},"55":{"start":{"line":93,"column":8},"end":{"line":93,"column":34}},"56":{"start":{"line":97,"column":0},"end":{"line":99,"column":2}},"57":{"start":{"line":98,"column":4},"end":{"line":98,"column":19}},"58":{"start":{"line":102,"column":0},"end":{"line":127,"column":2}},"59":{"start":{"line":103,"column":4},"end":{"line":126,"column":5}},"60":{"start":{"line":104,"column":8},"end":{"line":104,"column":45}},"61":{"start":{"line":105,"column":8},"end":{"line":105,"column":80}},"62":{"start":{"line":108,"column":8},"end":{"line":108,"column":67}},"63":{"start":{"line":109,"column":8},"end":{"line":113,"column":9}},"64":{"start":{"line":110,"column":12},"end":{"line":110,"column":50}},"65":{"start":{"line":111,"column":12},"end":{"line":111,"column":51}},"66":{"start":{"line":112,"column":12},"end":{"line":112,"column":47}},"67":{"start":{"line":116,"column":8},"end":{"line":125,"column":9}},"68":{"start":{"line":117,"column":12},"end":{"line":117,"column":60}},"69":{"start":{"line":118,"column":12},"end":{"line":118,"column":72}},"70":{"start":{"line":120,"column":12},"end":{"line":122,"column":13}},"71":{"start":{"line":121,"column":16},"end":{"line":121,"column":77}},"72":{"start":{"line":124,"column":12},"end":{"line":124,"column":99}},"73":{"start":{"line":130,"column":0},"end":{"line":148,"column":2}},"74":{"start":{"line":131,"column":4},"end":{"line":131,"column":78}},"75":{"start":{"line":132,"column":4},"end":{"line":134,"column":5}},"76":{"start":{"line":133,"column":8},"end":{"line":133,"column":41}},"77":{"start":{"line":136,"column":4},"end":{"line":136,"column":35}},"78":{"start":{"line":137,"column":4},"end":{"line":137,"column":31}},"79":{"start":{"line":138,"column":4},"end":{"line":138,"column":46}},"80":{"start":{"line":139,"column":4},"end":{"line":142,"column":5}},"81":{"start":{"line":141,"column":8},"end":{"line":141,"column":38}},"82":{"start":{"line":143,"column":4},"end":{"line":143,"column":54}},"83":{"start":{"line":145,"column":4},"end":{"line":145,"column":39}},"84":{"start":{"line":147,"column":4},"end":{"line":147,"column":18}},"85":{"start":{"line":151,"column":0},"end":{"line":167,"column":2}},"86":{"start":{"line":152,"column":4},"end":{"line":166,"column":6}},"87":{"start":{"line":154,"column":12},"end":{"line":162,"column":13}},"88":{"start":{"line":155,"column":16},"end":{"line":155,"column":47}},"89":{"start":{"line":156,"column":16},"end":{"line":156,"column":46}},"90":{"start":{"line":157,"column":16},"end":{"line":159,"column":17}},"91":{"start":{"line":158,"column":20},"end":{"line":158,"column":43}},"92":{"start":{"line":161,"column":16},"end":{"line":161,"column":132}},"93":{"start":{"line":164,"column":12},"end":{"line":164,"column":34}},"94":{"start":{"line":170,"column":0},"end":{"line":195,"column":2}},"95":{"start":{"line":171,"column":4},"end":{"line":171,"column":20}},"96":{"start":{"line":172,"column":4},"end":{"line":178,"column":5}},"97":{"start":{"line":174,"column":8},"end":{"line":174,"column":37}},"98":{"start":{"line":175,"column":8},"end":{"line":175,"column":50}},"99":{"start":{"line":176,"column":8},"end":{"line":176,"column":79}},"100":{"start":{"line":177,"column":8},"end":{"line":177,"column":45}},"101":{"start":{"line":181,"column":4},"end":{"line":188,"column":5}},"102":{"start":{"line":183,"column":8},"end":{"line":183,"column":58}},"103":{"start":{"line":184,"column":8},"end":{"line":184,"column":49}},"104":{"start":{"line":185,"column":8},"end":{"line":187,"column":11}},"105":{"start":{"line":186,"column":12},"end":{"line":186,"column":59}},"106":{"start":{"line":190,"column":4},"end":{"line":194,"column":7}},"107":{"start":{"line":191,"column":8},"end":{"line":193,"column":9}},"108":{"start":{"line":192,"column":12},"end":{"line":192,"column":28}}},"branchMap":{"1":{"line":39,"type":"cond-expr","locations":[{"start":{"line":39,"column":91},"end":{"line":39,"column":111}},{"start":{"line":39,"column":112},"end":{"line":39,"column":118}}]},"2":{"line":43,"type":"if","locations":[{"start":{"line":43,"column":4},"end":{"line":43,"column":4}},{"start":{"line":43,"column":4},"end":{"line":43,"column":4}}]},"3":{"line":43,"type":"binary-expr","locations":[{"start":{"line":43,"column":8},"end":{"line":43,"column":25}},{"start":{"line":43,"column":30},"end":{"line":43,"column":54}},{"start":{"line":43,"column":58},"end":{"line":43,"column":95}}]},"4":{"line":53,"type":"binary-expr","locations":[{"start":{"line":53,"column":30},"end":{"line":53,"column":40}},{"start":{"line":53,"column":44},"end":{"line":53,"column":67}}]},"5":{"line":61,"type":"binary-expr","locations":[{"start":{"line":61,"column":4},"end":{"line":61,"column":31}},{"start":{"line":61,"column":35},"end":{"line":61,"column":133}}]},"6":{"line":62,"type":"binary-expr","locations":[{"start":{"line":62,"column":4},"end":{"line":62,"column":31}},{"start":{"line":62,"column":35},"end":{"line":62,"column":142}}]},"7":{"line":63,"type":"binary-expr","locations":[{"start":{"line":63,"column":4},"end":{"line":63,"column":35}},{"start":{"line":63,"column":39},"end":{"line":63,"column":131}}]},"8":{"line":64,"type":"binary-expr","locations":[{"start":{"line":64,"column":4},"end":{"line":64,"column":33}},{"start":{"line":64,"column":37},"end":{"line":64,"column":124}}]},"9":{"line":69,"type":"binary-expr","locations":[{"start":{"line":69,"column":14},"end":{"line":69,"column":21}},{"start":{"line":69,"column":25},"end":{"line":69,"column":27}}]},"10":{"line":74,"type":"binary-expr","locations":[{"start":{"line":74,"column":11},"end":{"line":74,"column":38}},{"start":{"line":74,"column":42},"end":{"line":74,"column":69}},{"start":{"line":74,"column":73},"end":{"line":74,"column":113}}]},"11":{"line":82,"type":"cond-expr","locations":[{"start":{"line":82,"column":63},"end":{"line":82,"column":71}},{"start":{"line":82,"column":72},"end":{"line":82,"column":74}}]},"12":{"line":103,"type":"if","locations":[{"start":{"line":103,"column":4},"end":{"line":103,"column":4}},{"start":{"line":103,"column":4},"end":{"line":103,"column":4}}]},"13":{"line":103,"type":"binary-expr","locations":[{"start":{"line":103,"column":8},"end":{"line":103,"column":50}},{"start":{"line":103,"column":54},"end":{"line":103,"column":96}}]},"14":{"line":109,"type":"if","locations":[{"start":{"line":109,"column":8},"end":{"line":109,"column":8}},{"start":{"line":109,"column":8},"end":{"line":109,"column":8}}]},"15":{"line":109,"type":"binary-expr","locations":[{"start":{"line":109,"column":12},"end":{"line":109,"column":35}},{"start":{"line":109,"column":39},"end":{"line":109,"column":61}},{"start":{"line":109,"column":65},"end":{"line":109,"column":87}}]},"16":{"line":116,"type":"if","locations":[{"start":{"line":116,"column":8},"end":{"line":116,"column":8}},{"start":{"line":116,"column":8},"end":{"line":116,"column":8}}]},"17":{"line":120,"type":"if","locations":[{"start":{"line":120,"column":12},"end":{"line":120,"column":12}},{"start":{"line":120,"column":12},"end":{"line":120,"column":12}}]},"18":{"line":131,"type":"cond-expr","locations":[{"start":{"line":131,"column":65},"end":{"line":131,"column":67}},{"start":{"line":131,"column":68},"end":{"line":131,"column":76}}]},"19":{"line":132,"type":"if","locations":[{"start":{"line":132,"column":4},"end":{"line":132,"column":4}},{"start":{"line":132,"column":4},"end":{"line":132,"column":4}}]},"20":{"line":139,"type":"if","locations":[{"start":{"line":139,"column":4},"end":{"line":139,"column":4}},{"start":{"line":139,"column":4},"end":{"line":139,"column":4}}]},"21":{"line":181,"type":"if","locations":[{"start":{"line":181,"column":4},"end":{"line":181,"column":4}},{"start":{"line":181,"column":4},"end":{"line":181,"column":4}}]},"22":{"line":191,"type":"if","locations":[{"start":{"line":191,"column":8},"end":{"line":191,"column":8}},{"start":{"line":191,"column":8},"end":{"line":191,"column":8}}]},"23":{"line":191,"type":"binary-expr","locations":[{"start":{"line":191,"column":12},"end":{"line":191,"column":19}},{"start":{"line":191,"column":23},"end":{"line":191,"column":58}}]}}},"/Users/czzou/work/tars_node/rpc/core/client/ObjectProxy.js":{"path":"/Users/czzou/work/tars_node/rpc/core/client/ObjectProxy.js","s":{"1":1,"2":1,"3":1,"4":1,"5":1,"6":1,"7":1,"8":1,"9":1,"10":11,"11":11,"12":11,"13":11,"14":11,"15":11,"16":11,"17":1,"18":11,"19":11,"20":11,"21":11,"22":11,"23":11,"24":11,"25":11,"26":11,"27":11,"28":11,"29":11,"30":11,"31":1,"32":1,"33":11,"34":1,"35":0,"36":1,"37":22,"38":1,"39":1,"40":1,"41":15,"42":1,"43":0,"44":1,"45":1,"46":1,"47":0,"48":1,"49":1,"50":1,"51":0,"52":1,"53":11,"54":11,"55":0,"56":11,"57":0,"58":11,"59":11,"60":11,"61":11,"62":1,"63":2,"64":1,"65":11,"66":1,"67":0,"68":1,"69":0,"70":0,"71":1,"72":28,"73":28,"74":3,"75":3,"76":3,"77":3,"78":0,"79":1,"80":0,"81":0,"82":0,"83":1,"84":0,"85":0,"86":1,"87":12,"88":12,"89":10,"90":2,"91":2,"92":2,"93":2,"94":12,"95":1,"96":10,"97":10,"98":7,"99":0,"100":7,"101":1,"102":7,"103":1,"104":7,"105":2,"106":7,"107":2,"108":7,"109":1,"110":10,"111":10,"112":10,"113":10,"114":10,"115":10,"116":10,"117":10,"118":10,"119":10,"120":10,"121":10,"122":1,"123":1,"124":1,"125":1,"126":1,"127":1,"128":1,"129":0,"130":0,"131":0,"132":0,"133":0,"134":0,"135":0,"136":0,"137":0,"138":0,"139":0,"140":0,"141":0,"142":0,"143":0,"144":1,"145":11},"b":{"1":[11,0],"2":[0,11],"3":[0,11],"4":[11,11],"5":[0,0],"6":[3,0],"7":[10,2],"8":[2,0],"9":[2,0],"10":[2,0],"11":[7,3],"12":[10,7],"13":[0,7],"14":[1,6],"15":[1,6],"16":[2,5],"17":[2,5],"18":[1,6],"19":[1,0],"20":[1,1],"21":[0,0],"22":[0,0],"23":[0,0],"24":[0,0,0],"25":[0,0],"26":[0,0],"27":[0,0]},"f":{"1":11,"2":11,"3":11,"4":0,"5":22,"6":1,"7":15,"8":0,"9":1,"10":0,"11":1,"12":0,"13":11,"14":2,"15":11,"16":0,"17":0,"18":28,"19":3,"20":0,"21":0,"22":12,"23":10,"24":1,"25":0,"26":0,"27":11},"fnMap":{"1":{"name":"(anonymous_1)","line":13,"loc":{"start":{"line":13,"column":23},"end":{"line":14,"column":0}}},"2":{"name":"(anonymous_2)","line":25,"loc":{"start":{"line":25,"column":18},"end":{"line":25,"column":30}}},"3":{"name":"(anonymous_3)","line":43,"loc":{"start":{"line":43,"column":55},"end":{"line":43,"column":71}}},"4":{"name":"(anonymous_4)","line":44,"loc":{"start":{"line":44,"column":55},"end":{"line":44,"column":66}}},"5":{"name":"(anonymous_5)","line":46,"loc":{"start":{"line":46,"column":50},"end":{"line":46,"column":62}}},"6":{"name":"(anonymous_6)","line":47,"loc":{"start":{"line":47,"column":50},"end":{"line":47,"column":67}}},"7":{"name":"(anonymous_7)","line":49,"loc":{"start":{"line":49,"column":50},"end":{"line":49,"column":62}}},"8":{"name":"(anonymous_8)","line":50,"loc":{"start":{"line":50,"column":50},"end":{"line":50,"column":67}}},"9":{"name":"(anonymous_9)","line":52,"loc":{"start":{"line":52,"column":47},"end":{"line":52,"column":59}}},"10":{"name":"(anonymous_10)","line":53,"loc":{"start":{"line":53,"column":47},"end":{"line":53,"column":64}}},"11":{"name":"(anonymous_11)","line":55,"loc":{"start":{"line":55,"column":56},"end":{"line":55,"column":68}}},"12":{"name":"(anonymous_12)","line":56,"loc":{"start":{"line":56,"column":56},"end":{"line":56,"column":73}}},"13":{"name":"(anonymous_13)","line":59,"loc":{"start":{"line":59,"column":35},"end":{"line":59,"column":74}}},"14":{"name":"(anonymous_14)","line":70,"loc":{"start":{"line":70,"column":36},"end":{"line":70,"column":57}}},"15":{"name":"(anonymous_15)","line":74,"loc":{"start":{"line":74,"column":37},"end":{"line":74,"column":49}}},"16":{"name":"(anonymous_16)","line":78,"loc":{"start":{"line":78,"column":44},"end":{"line":78,"column":72}}},"17":{"name":"(anonymous_17)","line":82,"loc":{"start":{"line":82,"column":41},"end":{"line":82,"column":57}}},"18":{"name":"(anonymous_18)","line":88,"loc":{"start":{"line":88,"column":33},"end":{"line":88,"column":45}}},"19":{"name":"(anonymous_19)","line":91,"loc":{"start":{"line":91,"column":32},"end":{"line":91,"column":47}}},"20":{"name":"(anonymous_20)","line":106,"loc":{"start":{"line":106,"column":34},"end":{"line":106,"column":56}}},"21":{"name":"(anonymous_21)","line":113,"loc":{"start":{"line":113,"column":42},"end":{"line":113,"column":65}}},"22":{"name":"(anonymous_22)","line":118,"loc":{"start":{"line":118,"column":31},"end":{"line":118,"column":53}}},"23":{"name":"(anonymous_23)","line":136,"loc":{"start":{"line":136,"column":36},"end":{"line":136,"column":80}}},"24":{"name":"(anonymous_24)","line":174,"loc":{"start":{"line":174,"column":35},"end":{"line":174,"column":82}}},"25":{"name":"(anonymous_25)","line":182,"loc":{"start":{"line":182,"column":44},"end":{"line":182,"column":59}}},"26":{"name":"(anonymous_26)","line":190,"loc":{"start":{"line":190,"column":30},"end":{"line":190,"column":43}}},"27":{"name":"(anonymous_27)","line":204,"loc":{"start":{"line":204,"column":32},"end":{"line":204,"column":44}}}},"statementMap":{"1":{"start":{"line":4,"column":0},"end":{"line":4,"column":39}},"2":{"start":{"line":5,"column":0},"end":{"line":5,"column":53}},"3":{"start":{"line":6,"column":0},"end":{"line":6,"column":52}},"4":{"start":{"line":7,"column":0},"end":{"line":7,"column":65}},"5":{"start":{"line":8,"column":0},"end":{"line":8,"column":69}},"6":{"start":{"line":9,"column":0},"end":{"line":9,"column":58}},"7":{"start":{"line":10,"column":0},"end":{"line":10,"column":70}},"8":{"start":{"line":11,"column":0},"end":{"line":11,"column":60}},"9":{"start":{"line":13,"column":0},"end":{"line":22,"column":2}},"10":{"start":{"line":15,"column":4},"end":{"line":15,"column":36}},"11":{"start":{"line":16,"column":4},"end":{"line":16,"column":40}},"12":{"start":{"line":17,"column":4},"end":{"line":17,"column":36}},"13":{"start":{"line":18,"column":4},"end":{"line":18,"column":36}},"14":{"start":{"line":19,"column":4},"end":{"line":19,"column":38}},"15":{"start":{"line":20,"column":4},"end":{"line":20,"column":40}},"16":{"start":{"line":21,"column":4},"end":{"line":21,"column":40}},"17":{"start":{"line":25,"column":0},"end":{"line":39,"column":2}},"18":{"start":{"line":26,"column":4},"end":{"line":26,"column":32}},"19":{"start":{"line":27,"column":4},"end":{"line":27,"column":32}},"20":{"start":{"line":28,"column":4},"end":{"line":28,"column":42}},"21":{"start":{"line":29,"column":4},"end":{"line":29,"column":39}},"22":{"start":{"line":30,"column":4},"end":{"line":30,"column":31}},"23":{"start":{"line":31,"column":4},"end":{"line":31,"column":31}},"24":{"start":{"line":32,"column":4},"end":{"line":32,"column":34}},"25":{"start":{"line":33,"column":4},"end":{"line":33,"column":38}},"26":{"start":{"line":34,"column":4},"end":{"line":34,"column":39}},"27":{"start":{"line":35,"column":4},"end":{"line":35,"column":36}},"28":{"start":{"line":36,"column":4},"end":{"line":36,"column":36}},"29":{"start":{"line":37,"column":4},"end":{"line":37,"column":53}},"30":{"start":{"line":38,"column":4},"end":{"line":38,"column":33}},"31":{"start":{"line":40,"column":0},"end":{"line":40,"column":41}},"32":{"start":{"line":43,"column":0},"end":{"line":43,"column":96}},"33":{"start":{"line":43,"column":73},"end":{"line":43,"column":92}},"34":{"start":{"line":44,"column":0},"end":{"line":44,"column":90}},"35":{"start":{"line":44,"column":68},"end":{"line":44,"column":86}},"36":{"start":{"line":46,"column":0},"end":{"line":46,"column":89}},"37":{"start":{"line":46,"column":64},"end":{"line":46,"column":85}},"38":{"start":{"line":47,"column":0},"end":{"line":47,"column":95}},"39":{"start":{"line":47,"column":69},"end":{"line":47,"column":91}},"40":{"start":{"line":49,"column":0},"end":{"line":49,"column":90}},"41":{"start":{"line":49,"column":64},"end":{"line":49,"column":86}},"42":{"start":{"line":50,"column":0},"end":{"line":50,"column":96}},"43":{"start":{"line":50,"column":69},"end":{"line":50,"column":92}},"44":{"start":{"line":52,"column":0},"end":{"line":52,"column":86}},"45":{"start":{"line":52,"column":61},"end":{"line":52,"column":82}},"46":{"start":{"line":53,"column":0},"end":{"line":53,"column":92}},"47":{"start":{"line":53,"column":66},"end":{"line":53,"column":88}},"48":{"start":{"line":55,"column":0},"end":{"line":55,"column":101}},"49":{"start":{"line":55,"column":70},"end":{"line":55,"column":97}},"50":{"start":{"line":56,"column":0},"end":{"line":56,"column":107}},"51":{"start":{"line":56,"column":75},"end":{"line":56,"column":103}},"52":{"start":{"line":59,"column":0},"end":{"line":68,"column":2}},"53":{"start":{"line":60,"column":4},"end":{"line":60,"column":28}},"54":{"start":{"line":61,"column":4},"end":{"line":61,"column":98}},"55":{"start":{"line":61,"column":50},"end":{"line":61,"column":98}},"56":{"start":{"line":62,"column":4},"end":{"line":62,"column":95}},"57":{"start":{"line":62,"column":49},"end":{"line":62,"column":95}},"58":{"start":{"line":63,"column":4},"end":{"line":63,"column":119}},"59":{"start":{"line":65,"column":4},"end":{"line":65,"column":87}},"60":{"start":{"line":66,"column":4},"end":{"line":66,"column":43}},"61":{"start":{"line":67,"column":4},"end":{"line":67,"column":29}},"62":{"start":{"line":70,"column":0},"end":{"line":72,"column":2}},"63":{"start":{"line":71,"column":4},"end":{"line":71,"column":31}},"64":{"start":{"line":74,"column":0},"end":{"line":76,"column":2}},"65":{"start":{"line":75,"column":4},"end":{"line":75,"column":29}},"66":{"start":{"line":78,"column":0},"end":{"line":80,"column":1}},"67":{"start":{"line":79,"column":4},"end":{"line":79,"column":60}},"68":{"start":{"line":82,"column":0},"end":{"line":85,"column":1}},"69":{"start":{"line":83,"column":4},"end":{"line":83,"column":87}},"70":{"start":{"line":84,"column":4},"end":{"line":84,"column":32}},"71":{"start":{"line":88,"column":0},"end":{"line":102,"column":2}},"72":{"start":{"line":89,"column":4},"end":{"line":89,"column":20}},"73":{"start":{"line":91,"column":4},"end":{"line":101,"column":7}},"74":{"start":{"line":92,"column":8},"end":{"line":92,"column":60}},"75":{"start":{"line":94,"column":8},"end":{"line":94,"column":70}},"76":{"start":{"line":96,"column":8},"end":{"line":100,"column":9}},"77":{"start":{"line":97,"column":12},"end":{"line":97,"column":39}},"78":{"start":{"line":99,"column":12},"end":{"line":99,"column":47}},"79":{"start":{"line":106,"column":0},"end":{"line":111,"column":2}},"80":{"start":{"line":107,"column":4},"end":{"line":107,"column":62}},"81":{"start":{"line":109,"column":4},"end":{"line":109,"column":31}},"82":{"start":{"line":110,"column":4},"end":{"line":110,"column":198}},"83":{"start":{"line":113,"column":0},"end":{"line":116,"column":2}},"84":{"start":{"line":114,"column":4},"end":{"line":114,"column":31}},"85":{"start":{"line":115,"column":4},"end":{"line":115,"column":178}},"86":{"start":{"line":118,"column":0},"end":{"line":134,"column":2}},"87":{"start":{"line":119,"column":4},"end":{"line":119,"column":65}},"88":{"start":{"line":120,"column":4},"end":{"line":131,"column":5}},"89":{"start":{"line":121,"column":8},"end":{"line":121,"column":36}},"90":{"start":{"line":123,"column":8},"end":{"line":123,"column":64}},"91":{"start":{"line":125,"column":8},"end":{"line":125,"column":60}},"92":{"start":{"line":127,"column":8},"end":{"line":130,"column":9}},"93":{"start":{"line":129,"column":12},"end":{"line":129,"column":82}},"94":{"start":{"line":133,"column":4},"end":{"line":133,"column":39}},"95":{"start":{"line":136,"column":0},"end":{"line":173,"column":2}},"96":{"start":{"line":138,"column":4},"end":{"line":138,"column":25}},"97":{"start":{"line":139,"column":4},"end":{"line":158,"column":5}},"98":{"start":{"line":140,"column":8},"end":{"line":142,"column":9}},"99":{"start":{"line":141,"column":12},"end":{"line":141,"column":51}},"100":{"start":{"line":143,"column":8},"end":{"line":145,"column":9}},"101":{"start":{"line":144,"column":12},"end":{"line":144,"column":52}},"102":{"start":{"line":146,"column":8},"end":{"line":148,"column":9}},"103":{"start":{"line":147,"column":12},"end":{"line":147,"column":58}},"104":{"start":{"line":149,"column":8},"end":{"line":151,"column":9}},"105":{"start":{"line":150,"column":12},"end":{"line":150,"column":54}},"106":{"start":{"line":152,"column":8},"end":{"line":154,"column":9}},"107":{"start":{"line":153,"column":12},"end":{"line":153,"column":66}},"108":{"start":{"line":155,"column":8},"end":{"line":157,"column":9}},"109":{"start":{"line":156,"column":12},"end":{"line":156,"column":54}},"110":{"start":{"line":161,"column":4},"end":{"line":161,"column":38}},"111":{"start":{"line":162,"column":4},"end":{"line":162,"column":58}},"112":{"start":{"line":163,"column":4},"end":{"line":163,"column":52}},"113":{"start":{"line":164,"column":4},"end":{"line":164,"column":48}},"114":{"start":{"line":165,"column":4},"end":{"line":165,"column":49}},"115":{"start":{"line":166,"column":4},"end":{"line":166,"column":50}},"116":{"start":{"line":167,"column":4},"end":{"line":167,"column":59}},"117":{"start":{"line":168,"column":4},"end":{"line":168,"column":53}},"118":{"start":{"line":169,"column":4},"end":{"line":169,"column":54}},"119":{"start":{"line":170,"column":4},"end":{"line":170,"column":43}},"120":{"start":{"line":171,"column":4},"end":{"line":171,"column":42}},"121":{"start":{"line":172,"column":4},"end":{"line":172,"column":35}},"122":{"start":{"line":174,"column":0},"end":{"line":181,"column":1}},"123":{"start":{"line":175,"column":4},"end":{"line":177,"column":5}},"124":{"start":{"line":176,"column":8},"end":{"line":176,"column":23}},"125":{"start":{"line":178,"column":4},"end":{"line":178,"column":38}},"126":{"start":{"line":179,"column":4},"end":{"line":179,"column":39}},"127":{"start":{"line":180,"column":4},"end":{"line":180,"column":74}},"128":{"start":{"line":182,"column":0},"end":{"line":202,"column":1}},"129":{"start":{"line":183,"column":4},"end":{"line":183,"column":20}},"130":{"start":{"line":185,"column":4},"end":{"line":188,"column":5}},"131":{"start":{"line":186,"column":8},"end":{"line":186,"column":40}},"132":{"start":{"line":187,"column":8},"end":{"line":187,"column":15}},"133":{"start":{"line":189,"column":4},"end":{"line":195,"column":5}},"134":{"start":{"line":190,"column":8},"end":{"line":194,"column":9}},"135":{"start":{"line":191,"column":12},"end":{"line":191,"column":72}},"136":{"start":{"line":191,"column":65},"end":{"line":191,"column":72}},"137":{"start":{"line":192,"column":12},"end":{"line":192,"column":86}},"138":{"start":{"line":192,"column":79},"end":{"line":192,"column":86}},"139":{"start":{"line":193,"column":12},"end":{"line":193,"column":72}},"140":{"start":{"line":196,"column":4},"end":{"line":200,"column":5}},"141":{"start":{"line":197,"column":8},"end":{"line":197,"column":49}},"142":{"start":{"line":199,"column":8},"end":{"line":199,"column":62}},"143":{"start":{"line":201,"column":4},"end":{"line":201,"column":36}},"144":{"start":{"line":204,"column":0},"end":{"line":206,"column":2}},"145":{"start":{"line":205,"column":4},"end":{"line":205,"column":28}}},"branchMap":{"1":{"line":60,"type":"binary-expr","locations":[{"start":{"line":60,"column":14},"end":{"line":60,"column":21}},{"start":{"line":60,"column":25},"end":{"line":60,"column":27}}]},"2":{"line":61,"type":"if","locations":[{"start":{"line":61,"column":4},"end":{"line":61,"column":4}},{"start":{"line":61,"column":4},"end":{"line":61,"column":4}}]},"3":{"line":62,"type":"if","locations":[{"start":{"line":62,"column":4},"end":{"line":62,"column":4}},{"start":{"line":62,"column":4},"end":{"line":62,"column":4}}]},"4":{"line":63,"type":"binary-expr","locations":[{"start":{"line":63,"column":11},"end":{"line":63,"column":51}},{"start":{"line":63,"column":55},"end":{"line":63,"column":79}}]},"5":{"line":83,"type":"binary-expr","locations":[{"start":{"line":83,"column":11},"end":{"line":83,"column":35}},{"start":{"line":83,"column":39},"end":{"line":83,"column":47}}]},"6":{"line":96,"type":"if","locations":[{"start":{"line":96,"column":8},"end":{"line":96,"column":8}},{"start":{"line":96,"column":8},"end":{"line":96,"column":8}}]},"7":{"line":120,"type":"if","locations":[{"start":{"line":120,"column":4},"end":{"line":120,"column":4}},{"start":{"line":120,"column":4},"end":{"line":120,"column":4}}]},"8":{"line":125,"type":"binary-expr","locations":[{"start":{"line":125,"column":23},"end":{"line":125,"column":53}},{"start":{"line":125,"column":57},"end":{"line":125,"column":59}}]},"9":{"line":127,"type":"if","locations":[{"start":{"line":127,"column":8},"end":{"line":127,"column":8}},{"start":{"line":127,"column":8},"end":{"line":127,"column":8}}]},"10":{"line":127,"type":"binary-expr","locations":[{"start":{"line":127,"column":11},"end":{"line":127,"column":20}},{"start":{"line":127,"column":24},"end":{"line":127,"column":44}}]},"11":{"line":139,"type":"if","locations":[{"start":{"line":139,"column":4},"end":{"line":139,"column":4}},{"start":{"line":139,"column":4},"end":{"line":139,"column":4}}]},"12":{"line":139,"type":"binary-expr","locations":[{"start":{"line":139,"column":8},"end":{"line":139,"column":37}},{"start":{"line":139,"column":41},"end":{"line":139,"column":59}}]},"13":{"line":140,"type":"if","locations":[{"start":{"line":140,"column":8},"end":{"line":140,"column":8}},{"start":{"line":140,"column":8},"end":{"line":140,"column":8}}]},"14":{"line":143,"type":"if","locations":[{"start":{"line":143,"column":8},"end":{"line":143,"column":8}},{"start":{"line":143,"column":8},"end":{"line":143,"column":8}}]},"15":{"line":146,"type":"if","locations":[{"start":{"line":146,"column":8},"end":{"line":146,"column":8}},{"start":{"line":146,"column":8},"end":{"line":146,"column":8}}]},"16":{"line":149,"type":"if","locations":[{"start":{"line":149,"column":8},"end":{"line":149,"column":8}},{"start":{"line":149,"column":8},"end":{"line":149,"column":8}}]},"17":{"line":152,"type":"if","locations":[{"start":{"line":152,"column":8},"end":{"line":152,"column":8}},{"start":{"line":152,"column":8},"end":{"line":152,"column":8}}]},"18":{"line":155,"type":"if","locations":[{"start":{"line":155,"column":8},"end":{"line":155,"column":8}},{"start":{"line":155,"column":8},"end":{"line":155,"column":8}}]},"19":{"line":175,"type":"if","locations":[{"start":{"line":175,"column":4},"end":{"line":175,"column":4}},{"start":{"line":175,"column":4},"end":{"line":175,"column":4}}]},"20":{"line":175,"type":"binary-expr","locations":[{"start":{"line":175,"column":8},"end":{"line":175,"column":26}},{"start":{"line":175,"column":30},"end":{"line":175,"column":59}}]},"21":{"line":185,"type":"if","locations":[{"start":{"line":185,"column":4},"end":{"line":185,"column":4}},{"start":{"line":185,"column":4},"end":{"line":185,"column":4}}]},"22":{"line":189,"type":"if","locations":[{"start":{"line":189,"column":4},"end":{"line":189,"column":4}},{"start":{"line":189,"column":4},"end":{"line":189,"column":4}}]},"23":{"line":191,"type":"if","locations":[{"start":{"line":191,"column":12},"end":{"line":191,"column":12}},{"start":{"line":191,"column":12},"end":{"line":191,"column":12}}]},"24":{"line":191,"type":"binary-expr","locations":[{"start":{"line":191,"column":15},"end":{"line":191,"column":19}},{"start":{"line":191,"column":23},"end":{"line":191,"column":33}},{"start":{"line":191,"column":37},"end":{"line":191,"column":63}}]},"25":{"line":192,"type":"if","locations":[{"start":{"line":192,"column":12},"end":{"line":192,"column":12}},{"start":{"line":192,"column":12},"end":{"line":192,"column":12}}]},"26":{"line":192,"type":"binary-expr","locations":[{"start":{"line":192,"column":15},"end":{"line":192,"column":44}},{"start":{"line":192,"column":48},"end":{"line":192,"column":77}}]},"27":{"line":196,"type":"if","locations":[{"start":{"line":196,"column":4},"end":{"line":196,"column":4}},{"start":{"line":196,"column":4},"end":{"line":196,"column":4}}]}}},"/Users/czzou/work/tars_node/rpc/core/rpc-tars/index.js":{"path":"/Users/czzou/work/tars_node/rpc/core/rpc-tars/index.js","s":{"1":1,"2":1},"b":{},"f":{},"fnMap":{},"statementMap":{"1":{"start":{"line":1,"column":0},"end":{"line":1,"column":52}},"2":{"start":{"line":2,"column":0},"end":{"line":2,"column":52}}},"branchMap":{}},"/Users/czzou/work/tars_node/rpc/core/rpc-tars/tars-client.js":{"path":"/Users/czzou/work/tars_node/rpc/core/rpc-tars/tars-client.js","s":{"1":1,"2":1,"3":1,"4":1,"5":1,"6":1,"7":9,"8":9,"9":9,"10":9,"11":9,"12":1,"13":1,"14":0,"15":1,"16":1,"17":10,"18":10,"19":10,"20":10,"21":10,"22":1,"23":10,"24":1,"25":10,"26":10,"27":10,"28":10,"29":10,"30":10,"31":10,"32":10,"33":10,"34":10,"35":0,"36":0,"37":10,"38":1,"39":1,"40":10,"41":10,"42":10,"43":10,"44":10,"45":1,"46":9,"47":9,"48":9,"49":9,"50":1,"51":7,"52":0,"53":7,"54":7,"55":7,"56":7,"57":7,"58":7,"59":7,"60":9,"61":9,"62":9,"63":1,"64":1,"65":1,"66":1,"67":1,"68":1,"69":1,"70":1,"71":1,"72":1,"73":1,"74":8,"75":8,"76":8,"77":8,"78":9,"79":9,"80":9,"81":7,"82":2,"83":2,"84":0,"85":7,"86":0,"87":0,"88":0,"89":0,"90":7,"91":7,"92":1,"93":0,"94":0,"95":0},"b":{"1":[10,0],"2":[10,10],"3":[1,9],"4":[10,10,1],"5":[1,9],"6":[10,1,1],"7":[10,0],"8":[0,10],"9":[10,10,0],"10":[0,0],"11":[1,9],"12":[10,10],"13":[1,0],"14":[0,7],"15":[7,7],"16":[7,0],"17":[7,0],"18":[1,8],"19":[9,9],"20":[0,1],"21":[7,2],"22":[0,2],"23":[0,7]},"f":{"1":9,"2":0,"3":10,"4":9,"5":7,"6":0},"fnMap":{"1":{"name":"(anonymous_1)","line":10,"loc":{"start":{"line":10,"column":13},"end":{"line":10,"column":25}}},"2":{"name":"(anonymous_2)","line":19,"loc":{"start":{"line":19,"column":42},"end":{"line":19,"column":54}}},"3":{"name":"(anonymous_3)","line":30,"loc":{"start":{"line":30,"column":27},"end":{"line":30,"column":52}}},"4":{"name":"(anonymous_4)","line":77,"loc":{"start":{"line":77,"column":27},"end":{"line":77,"column":39}}},"5":{"name":"(anonymous_5)","line":84,"loc":{"start":{"line":84,"column":24},"end":{"line":84,"column":40}}},"6":{"name":"(anonymous_6)","line":148,"loc":{"start":{"line":148,"column":25},"end":{"line":148,"column":37}}}},"statementMap":{"1":{"start":{"line":4,"column":0},"end":{"line":4,"column":50}},"2":{"start":{"line":5,"column":0},"end":{"line":5,"column":35}},"3":{"start":{"line":6,"column":0},"end":{"line":6,"column":50}},"4":{"start":{"line":7,"column":0},"end":{"line":7,"column":50}},"5":{"start":{"line":8,"column":0},"end":{"line":8,"column":53}},"6":{"start":{"line":10,"column":0},"end":{"line":16,"column":1}},"7":{"start":{"line":11,"column":4},"end":{"line":11,"column":28}},"8":{"start":{"line":12,"column":4},"end":{"line":12,"column":29}},"9":{"start":{"line":13,"column":4},"end":{"line":13,"column":20}},"10":{"start":{"line":14,"column":4},"end":{"line":14,"column":27}},"11":{"start":{"line":15,"column":4},"end":{"line":15,"column":22}},"12":{"start":{"line":17,"column":0},"end":{"line":17,"column":36}},"13":{"start":{"line":19,"column":0},"end":{"line":19,"column":78}},"14":{"start":{"line":19,"column":56},"end":{"line":19,"column":74}},"15":{"start":{"line":21,"column":0},"end":{"line":21,"column":24}},"16":{"start":{"line":30,"column":0},"end":{"line":72,"column":1}},"17":{"start":{"line":31,"column":4},"end":{"line":31,"column":20}},"18":{"start":{"line":32,"column":4},"end":{"line":32,"column":37}},"19":{"start":{"line":33,"column":4},"end":{"line":42,"column":5}},"20":{"start":{"line":35,"column":8},"end":{"line":35,"column":40}},"21":{"start":{"line":36,"column":8},"end":{"line":38,"column":9}},"22":{"start":{"line":37,"column":12},"end":{"line":37,"column":27}},"23":{"start":{"line":39,"column":8},"end":{"line":41,"column":9}},"24":{"start":{"line":40,"column":12},"end":{"line":40,"column":39}},"25":{"start":{"line":44,"column":4},"end":{"line":44,"column":45}},"26":{"start":{"line":45,"column":4},"end":{"line":45,"column":35}},"27":{"start":{"line":46,"column":4},"end":{"line":46,"column":37}},"28":{"start":{"line":47,"column":4},"end":{"line":47,"column":28}},"29":{"start":{"line":48,"column":4},"end":{"line":48,"column":54}},"30":{"start":{"line":49,"column":4},"end":{"line":49,"column":51}},"31":{"start":{"line":50,"column":4},"end":{"line":50,"column":53}},"32":{"start":{"line":51,"column":4},"end":{"line":51,"column":50}},"33":{"start":{"line":52,"column":4},"end":{"line":52,"column":50}},"34":{"start":{"line":55,"column":4},"end":{"line":58,"column":5}},"35":{"start":{"line":56,"column":8},"end":{"line":56,"column":51}},"36":{"start":{"line":57,"column":8},"end":{"line":57,"column":99}},"37":{"start":{"line":59,"column":4},"end":{"line":63,"column":5}},"38":{"start":{"line":60,"column":8},"end":{"line":62,"column":9}},"39":{"start":{"line":61,"column":12},"end":{"line":61,"column":92}},"40":{"start":{"line":66,"column":4},"end":{"line":66,"column":47}},"41":{"start":{"line":67,"column":4},"end":{"line":67,"column":26}},"42":{"start":{"line":68,"column":4},"end":{"line":68,"column":21}},"43":{"start":{"line":69,"column":4},"end":{"line":69,"column":49}},"44":{"start":{"line":71,"column":4},"end":{"line":71,"column":44}},"45":{"start":{"line":77,"column":0},"end":{"line":82,"column":1}},"46":{"start":{"line":78,"column":4},"end":{"line":78,"column":34}},"47":{"start":{"line":79,"column":4},"end":{"line":79,"column":26}},"48":{"start":{"line":80,"column":4},"end":{"line":80,"column":26}},"49":{"start":{"line":81,"column":4},"end":{"line":81,"column":27}},"50":{"start":{"line":84,"column":0},"end":{"line":146,"column":1}},"51":{"start":{"line":85,"column":4},"end":{"line":89,"column":5}},"52":{"start":{"line":86,"column":8},"end":{"line":86,"column":61}},"53":{"start":{"line":88,"column":8},"end":{"line":88,"column":30}},"54":{"start":{"line":90,"column":4},"end":{"line":90,"column":38}},"55":{"start":{"line":92,"column":4},"end":{"line":145,"column":5}},"56":{"start":{"line":93,"column":8},"end":{"line":93,"column":51}},"57":{"start":{"line":95,"column":8},"end":{"line":144,"column":9}},"58":{"start":{"line":96,"column":12},"end":{"line":96,"column":73}},"59":{"start":{"line":97,"column":12},"end":{"line":133,"column":13}},"60":{"start":{"line":99,"column":16},"end":{"line":99,"column":127}},"61":{"start":{"line":100,"column":16},"end":{"line":100,"column":57}},"62":{"start":{"line":101,"column":16},"end":{"line":119,"column":17}},"63":{"start":{"line":102,"column":20},"end":{"line":102,"column":81}},"64":{"start":{"line":103,"column":20},"end":{"line":103,"column":68}},"65":{"start":{"line":104,"column":20},"end":{"line":104,"column":60}},"66":{"start":{"line":105,"column":20},"end":{"line":105,"column":61}},"67":{"start":{"line":106,"column":20},"end":{"line":106,"column":55}},"68":{"start":{"line":108,"column":20},"end":{"line":108,"column":86}},"69":{"start":{"line":109,"column":20},"end":{"line":109,"column":88}},"70":{"start":{"line":110,"column":20},"end":{"line":110,"column":54}},"71":{"start":{"line":111,"column":20},"end":{"line":111,"column":45}},"72":{"start":{"line":112,"column":20},"end":{"line":112,"column":54}},"73":{"start":{"line":113,"column":20},"end":{"line":113,"column":55}},"74":{"start":{"line":115,"column":20},"end":{"line":115,"column":82}},"75":{"start":{"line":116,"column":20},"end":{"line":116,"column":68}},"76":{"start":{"line":117,"column":20},"end":{"line":117,"column":62}},"77":{"start":{"line":118,"column":20},"end":{"line":118,"column":69}},"78":{"start":{"line":122,"column":16},"end":{"line":122,"column":46}},"79":{"start":{"line":123,"column":16},"end":{"line":123,"column":30}},"80":{"start":{"line":126,"column":16},"end":{"line":128,"column":17}},"81":{"start":{"line":127,"column":20},"end":{"line":127,"column":26}},"82":{"start":{"line":129,"column":16},"end":{"line":129,"column":53}},"83":{"start":{"line":130,"column":16},"end":{"line":132,"column":17}},"84":{"start":{"line":131,"column":20},"end":{"line":131,"column":26}},"85":{"start":{"line":135,"column":12},"end":{"line":143,"column":13}},"86":{"start":{"line":136,"column":16},"end":{"line":136,"column":67}},"87":{"start":{"line":137,"column":16},"end":{"line":137,"column":44}},"88":{"start":{"line":138,"column":16},"end":{"line":138,"column":35}},"89":{"start":{"line":139,"column":16},"end":{"line":139,"column":48}},"90":{"start":{"line":141,"column":16},"end":{"line":141,"column":32}},"91":{"start":{"line":142,"column":16},"end":{"line":142,"column":39}},"92":{"start":{"line":148,"column":0},"end":{"line":152,"column":1}},"93":{"start":{"line":149,"column":4},"end":{"line":149,"column":22}},"94":{"start":{"line":150,"column":4},"end":{"line":150,"column":20}},"95":{"start":{"line":151,"column":4},"end":{"line":151,"column":27}}},"branchMap":{"1":{"line":33,"type":"if","locations":[{"start":{"line":33,"column":4},"end":{"line":33,"column":4}},{"start":{"line":33,"column":4},"end":{"line":33,"column":4}}]},"2":{"line":33,"type":"binary-expr","locations":[{"start":{"line":33,"column":7},"end":{"line":33,"column":20}},{"start":{"line":33,"column":24},"end":{"line":33,"column":46}}]},"3":{"line":36,"type":"if","locations":[{"start":{"line":36,"column":8},"end":{"line":36,"column":8}},{"start":{"line":36,"column":8},"end":{"line":36,"column":8}}]},"4":{"line":36,"type":"binary-expr","locations":[{"start":{"line":36,"column":11},"end":{"line":36,"column":17}},{"start":{"line":36,"column":21},"end":{"line":36,"column":38}},{"start":{"line":36,"column":42},"end":{"line":36,"column":65}}]},"5":{"line":39,"type":"if","locations":[{"start":{"line":39,"column":8},"end":{"line":39,"column":8}},{"start":{"line":39,"column":8},"end":{"line":39,"column":8}}]},"6":{"line":39,"type":"binary-expr","locations":[{"start":{"line":39,"column":11},"end":{"line":39,"column":26}},{"start":{"line":39,"column":31},"end":{"line":39,"column":76}},{"start":{"line":39,"column":80},"end":{"line":39,"column":126}}]},"7":{"line":48,"type":"binary-expr","locations":[{"start":{"line":48,"column":26},"end":{"line":48,"column":48}},{"start":{"line":48,"column":52},"end":{"line":48,"column":53}}]},"8":{"line":55,"type":"if","locations":[{"start":{"line":55,"column":4},"end":{"line":55,"column":4}},{"start":{"line":55,"column":4},"end":{"line":55,"column":4}}]},"9":{"line":55,"type":"binary-expr","locations":[{"start":{"line":55,"column":8},"end":{"line":55,"column":30}},{"start":{"line":55,"column":34},"end":{"line":55,"column":63}},{"start":{"line":55,"column":67},"end":{"line":55,"column":103}}]},"10":{"line":57,"type":"binary-expr","locations":[{"start":{"line":57,"column":46},"end":{"line":57,"column":79}},{"start":{"line":57,"column":83},"end":{"line":57,"column":85}}]},"11":{"line":59,"type":"if","locations":[{"start":{"line":59,"column":4},"end":{"line":59,"column":4}},{"start":{"line":59,"column":4},"end":{"line":59,"column":4}}]},"12":{"line":59,"type":"binary-expr","locations":[{"start":{"line":59,"column":8},"end":{"line":59,"column":30}},{"start":{"line":59,"column":34},"end":{"line":59,"column":64}}]},"13":{"line":61,"type":"binary-expr","locations":[{"start":{"line":61,"column":37},"end":{"line":61,"column":72}},{"start":{"line":61,"column":76},"end":{"line":61,"column":78}}]},"14":{"line":85,"type":"if","locations":[{"start":{"line":85,"column":4},"end":{"line":85,"column":4}},{"start":{"line":85,"column":4},"end":{"line":85,"column":4}}]},"15":{"line":85,"type":"binary-expr","locations":[{"start":{"line":85,"column":8},"end":{"line":85,"column":30}},{"start":{"line":85,"column":34},"end":{"line":85,"column":55}}]},"16":{"line":92,"type":"if","locations":[{"start":{"line":92,"column":4},"end":{"line":92,"column":4}},{"start":{"line":92,"column":4},"end":{"line":92,"column":4}}]},"17":{"line":95,"type":"if","locations":[{"start":{"line":95,"column":8},"end":{"line":95,"column":8}},{"start":{"line":95,"column":8},"end":{"line":95,"column":8}}]},"18":{"line":101,"type":"if","locations":[{"start":{"line":101,"column":16},"end":{"line":101,"column":16}},{"start":{"line":101,"column":16},"end":{"line":101,"column":16}}]},"19":{"line":101,"type":"binary-expr","locations":[{"start":{"line":101,"column":19},"end":{"line":101,"column":62}},{"start":{"line":101,"column":66},"end":{"line":101,"column":110}}]},"20":{"line":109,"type":"cond-expr","locations":[{"start":{"line":109,"column":62},"end":{"line":109,"column":63}},{"start":{"line":109,"column":66},"end":{"line":109,"column":87}}]},"21":{"line":126,"type":"if","locations":[{"start":{"line":126,"column":16},"end":{"line":126,"column":16}},{"start":{"line":126,"column":16},"end":{"line":126,"column":16}}]},"22":{"line":130,"type":"if","locations":[{"start":{"line":130,"column":16},"end":{"line":130,"column":16}},{"start":{"line":130,"column":16},"end":{"line":130,"column":16}}]},"23":{"line":135,"type":"if","locations":[{"start":{"line":135,"column":12},"end":{"line":135,"column":12}},{"start":{"line":135,"column":12},"end":{"line":135,"column":12}}]}}},"/Users/czzou/work/tars_node/rpc/core/rpc-tars/RequestF.js":{"path":"/Users/czzou/work/tars_node/rpc/core/rpc-tars/RequestF.js","s":{"1":1,"2":1,"3":1,"4":1,"5":1,"6":25,"7":25,"8":25,"9":25,"10":25,"11":25,"12":25,"13":25,"14":25,"15":25,"16":25,"17":1,"18":1,"19":0,"20":1,"21":0,"22":1,"23":14,"24":14,"25":14,"26":14,"27":14,"28":14,"29":14,"30":14,"31":14,"32":14,"33":14,"34":14,"35":1,"36":11,"37":11,"38":11,"39":11,"40":11,"41":11,"42":11,"43":11,"44":11,"45":11,"46":1,"47":0,"48":1,"49":0,"50":0,"51":0,"52":1,"53":0,"54":1,"55":0,"56":0,"57":0,"58":0,"59":0,"60":0,"61":0,"62":0,"63":0,"64":0,"65":1,"66":0,"67":0,"68":0,"69":1,"70":0,"71":1,"72":0,"73":1,"74":19,"75":19,"76":19,"77":19,"78":19,"79":19,"80":19,"81":19,"82":19,"83":19,"84":1,"85":1,"86":0,"87":1,"88":0,"89":1,"90":8,"91":8,"92":8,"93":8,"94":8,"95":8,"96":8,"97":8,"98":8,"99":8,"100":8,"101":1,"102":11,"103":11,"104":11,"105":11,"106":11,"107":11,"108":11,"109":11,"110":11,"111":1,"112":0,"113":1,"114":0,"115":0,"116":0,"117":1,"118":0,"119":1,"120":0,"121":0,"122":0,"123":0,"124":0,"125":0,"126":0,"127":0,"128":0,"129":1,"130":0,"131":0,"132":0,"133":1,"134":0,"135":1,"136":0},"b":{"1":[1,1],"2":[0,0],"3":[0,0],"4":[0,0],"5":[0,0],"6":[0,0],"7":[0,0],"8":[0,0],"9":[0,0],"10":[0,0],"11":[0,0],"12":[0,0],"13":[0,0],"14":[0,0],"15":[0,0],"16":[0,0],"17":[0,0],"18":[0,0],"19":[0,0],"20":[0,0],"21":[0,0],"22":[0,0]},"f":{"1":25,"2":0,"3":0,"4":14,"5":11,"6":0,"7":0,"8":0,"9":0,"10":0,"11":0,"12":0,"13":19,"14":0,"15":0,"16":8,"17":11,"18":0,"19":0,"20":0,"21":0,"22":0,"23":0,"24":0},"fnMap":{"1":{"name":"(anonymous_1)","line":7,"loc":{"start":{"line":7,"column":21},"end":{"line":7,"column":32}}},"2":{"name":"(anonymous_2)","line":21,"loc":{"start":{"line":21,"column":28},"end":{"line":21,"column":54}}},"3":{"name":"(anonymous_3)","line":22,"loc":{"start":{"line":22,"column":28},"end":{"line":22,"column":52}}},"4":{"name":"(anonymous_4)","line":23,"loc":{"start":{"line":23,"column":31},"end":{"line":23,"column":45}}},"5":{"name":"(anonymous_5)","line":37,"loc":{"start":{"line":37,"column":40},"end":{"line":37,"column":54}}},"6":{"name":"(anonymous_6)","line":49,"loc":{"start":{"line":49,"column":38},"end":{"line":49,"column":50}}},"7":{"name":"(anonymous_7)","line":52,"loc":{"start":{"line":52,"column":39},"end":{"line":52,"column":51}}},"8":{"name":"(anonymous_8)","line":58,"loc":{"start":{"line":58,"column":40},"end":{"line":58,"column":51}}},"9":{"name":"(anonymous_9)","line":72,"loc":{"start":{"line":72,"column":46},"end":{"line":72,"column":61}}},"10":{"name":"(anonymous_10)","line":84,"loc":{"start":{"line":84,"column":43},"end":{"line":84,"column":55}}},"11":{"name":"(anonymous_11)","line":89,"loc":{"start":{"line":89,"column":25},"end":{"line":89,"column":37}}},"12":{"name":"(anonymous_12)","line":92,"loc":{"start":{"line":92,"column":28},"end":{"line":92,"column":42}}},"13":{"name":"(anonymous_13)","line":96,"loc":{"start":{"line":96,"column":22},"end":{"line":96,"column":33}}},"14":{"name":"(anonymous_14)","line":109,"loc":{"start":{"line":109,"column":29},"end":{"line":109,"column":55}}},"15":{"name":"(anonymous_15)","line":110,"loc":{"start":{"line":110,"column":29},"end":{"line":110,"column":53}}},"16":{"name":"(anonymous_16)","line":111,"loc":{"start":{"line":111,"column":32},"end":{"line":111,"column":46}}},"17":{"name":"(anonymous_17)","line":124,"loc":{"start":{"line":124,"column":41},"end":{"line":124,"column":55}}},"18":{"name":"(anonymous_18)","line":135,"loc":{"start":{"line":135,"column":39},"end":{"line":135,"column":51}}},"19":{"name":"(anonymous_19)","line":138,"loc":{"start":{"line":138,"column":40},"end":{"line":138,"column":52}}},"20":{"name":"(anonymous_20)","line":144,"loc":{"start":{"line":144,"column":41},"end":{"line":144,"column":52}}},"21":{"name":"(anonymous_21)","line":157,"loc":{"start":{"line":157,"column":47},"end":{"line":157,"column":62}}},"22":{"name":"(anonymous_22)","line":168,"loc":{"start":{"line":168,"column":44},"end":{"line":168,"column":56}}},"23":{"name":"(anonymous_23)","line":173,"loc":{"start":{"line":173,"column":26},"end":{"line":173,"column":38}}},"24":{"name":"(anonymous_24)","line":176,"loc":{"start":{"line":176,"column":29},"end":{"line":176,"column":43}}}},"statementMap":{"1":{"start":{"line":1,"column":0},"end":{"line":1,"column":34}},"2":{"start":{"line":2,"column":0},"end":{"line":2,"column":41}},"3":{"start":{"line":4,"column":0},"end":{"line":4,"column":22}},"4":{"start":{"line":5,"column":0},"end":{"line":5,"column":27}},"5":{"start":{"line":7,"column":0},"end":{"line":19,"column":2}},"6":{"start":{"line":8,"column":4},"end":{"line":8,"column":22}},"7":{"start":{"line":9,"column":4},"end":{"line":9,"column":25}},"8":{"start":{"line":10,"column":4},"end":{"line":10,"column":26}},"9":{"start":{"line":11,"column":4},"end":{"line":11,"column":24}},"10":{"start":{"line":12,"column":4},"end":{"line":12,"column":27}},"11":{"start":{"line":13,"column":4},"end":{"line":13,"column":24}},"12":{"start":{"line":14,"column":4},"end":{"line":14,"column":44}},"13":{"start":{"line":15,"column":4},"end":{"line":15,"column":22}},"14":{"start":{"line":16,"column":4},"end":{"line":16,"column":76}},"15":{"start":{"line":17,"column":4},"end":{"line":17,"column":75}},"16":{"start":{"line":18,"column":4},"end":{"line":18,"column":43}},"17":{"start":{"line":20,"column":0},"end":{"line":20,"column":53}},"18":{"start":{"line":21,"column":0},"end":{"line":21,"column":86}},"19":{"start":{"line":21,"column":56},"end":{"line":21,"column":83}},"20":{"start":{"line":22,"column":0},"end":{"line":22,"column":94}},"21":{"start":{"line":22,"column":54},"end":{"line":22,"column":91}},"22":{"start":{"line":23,"column":0},"end":{"line":36,"column":2}},"23":{"start":{"line":24,"column":4},"end":{"line":24,"column":39}},"24":{"start":{"line":25,"column":4},"end":{"line":25,"column":44}},"25":{"start":{"line":26,"column":4},"end":{"line":26,"column":46}},"26":{"start":{"line":27,"column":4},"end":{"line":27,"column":48}},"27":{"start":{"line":28,"column":4},"end":{"line":28,"column":46}},"28":{"start":{"line":29,"column":4},"end":{"line":29,"column":50}},"29":{"start":{"line":30,"column":4},"end":{"line":30,"column":47}},"30":{"start":{"line":31,"column":4},"end":{"line":31,"column":62}},"31":{"start":{"line":32,"column":4},"end":{"line":32,"column":44}},"32":{"start":{"line":33,"column":4},"end":{"line":33,"column":92}},"33":{"start":{"line":34,"column":4},"end":{"line":34,"column":92}},"34":{"start":{"line":35,"column":4},"end":{"line":35,"column":15}},"35":{"start":{"line":37,"column":0},"end":{"line":48,"column":2}},"36":{"start":{"line":38,"column":4},"end":{"line":38,"column":36}},"37":{"start":{"line":39,"column":4},"end":{"line":39,"column":38}},"38":{"start":{"line":40,"column":4},"end":{"line":40,"column":40}},"39":{"start":{"line":41,"column":4},"end":{"line":41,"column":38}},"40":{"start":{"line":42,"column":4},"end":{"line":42,"column":41}},"41":{"start":{"line":43,"column":4},"end":{"line":43,"column":38}},"42":{"start":{"line":44,"column":4},"end":{"line":44,"column":35}},"43":{"start":{"line":45,"column":4},"end":{"line":45,"column":36}},"44":{"start":{"line":46,"column":4},"end":{"line":46,"column":33}},"45":{"start":{"line":47,"column":4},"end":{"line":47,"column":33}},"46":{"start":{"line":49,"column":0},"end":{"line":51,"column":2}},"47":{"start":{"line":50,"column":4},"end":{"line":50,"column":59}},"48":{"start":{"line":52,"column":0},"end":{"line":57,"column":2}},"49":{"start":{"line":53,"column":4},"end":{"line":55,"column":5}},"50":{"start":{"line":54,"column":8},"end":{"line":54,"column":60}},"51":{"start":{"line":56,"column":4},"end":{"line":56,"column":36}},"52":{"start":{"line":58,"column":0},"end":{"line":71,"column":2}},"53":{"start":{"line":59,"column":4},"end":{"line":70,"column":6}},"54":{"start":{"line":72,"column":0},"end":{"line":83,"column":2}},"55":{"start":{"line":73,"column":4},"end":{"line":73,"column":71}},"56":{"start":{"line":74,"column":4},"end":{"line":74,"column":80}},"57":{"start":{"line":75,"column":4},"end":{"line":75,"column":83}},"58":{"start":{"line":76,"column":4},"end":{"line":76,"column":77}},"59":{"start":{"line":77,"column":4},"end":{"line":77,"column":83}},"60":{"start":{"line":78,"column":4},"end":{"line":78,"column":74}},"61":{"start":{"line":79,"column":4},"end":{"line":79,"column":82}},"62":{"start":{"line":80,"column":4},"end":{"line":80,"column":71}},"63":{"start":{"line":81,"column":4},"end":{"line":81,"column":82}},"64":{"start":{"line":82,"column":4},"end":{"line":82,"column":79}},"65":{"start":{"line":84,"column":0},"end":{"line":88,"column":2}},"66":{"start":{"line":85,"column":4},"end":{"line":85,"column":47}},"67":{"start":{"line":86,"column":4},"end":{"line":86,"column":22}},"68":{"start":{"line":87,"column":4},"end":{"line":87,"column":29}},"69":{"start":{"line":89,"column":0},"end":{"line":91,"column":2}},"70":{"start":{"line":90,"column":4},"end":{"line":90,"column":36}},"71":{"start":{"line":92,"column":0},"end":{"line":94,"column":2}},"72":{"start":{"line":93,"column":4},"end":{"line":93,"column":44}},"73":{"start":{"line":96,"column":0},"end":{"line":107,"column":2}},"74":{"start":{"line":97,"column":4},"end":{"line":97,"column":22}},"75":{"start":{"line":98,"column":4},"end":{"line":98,"column":25}},"76":{"start":{"line":99,"column":4},"end":{"line":99,"column":24}},"77":{"start":{"line":100,"column":4},"end":{"line":100,"column":26}},"78":{"start":{"line":101,"column":4},"end":{"line":101,"column":18}},"79":{"start":{"line":102,"column":4},"end":{"line":102,"column":44}},"80":{"start":{"line":103,"column":4},"end":{"line":103,"column":75}},"81":{"start":{"line":104,"column":4},"end":{"line":104,"column":26}},"82":{"start":{"line":105,"column":4},"end":{"line":105,"column":76}},"83":{"start":{"line":106,"column":4},"end":{"line":106,"column":44}},"84":{"start":{"line":108,"column":0},"end":{"line":108,"column":55}},"85":{"start":{"line":109,"column":0},"end":{"line":109,"column":87}},"86":{"start":{"line":109,"column":57},"end":{"line":109,"column":84}},"87":{"start":{"line":110,"column":0},"end":{"line":110,"column":95}},"88":{"start":{"line":110,"column":55},"end":{"line":110,"column":92}},"89":{"start":{"line":111,"column":0},"end":{"line":123,"column":2}},"90":{"start":{"line":112,"column":4},"end":{"line":112,"column":40}},"91":{"start":{"line":113,"column":4},"end":{"line":113,"column":44}},"92":{"start":{"line":114,"column":4},"end":{"line":114,"column":46}},"93":{"start":{"line":115,"column":4},"end":{"line":115,"column":46}},"94":{"start":{"line":116,"column":4},"end":{"line":116,"column":48}},"95":{"start":{"line":117,"column":4},"end":{"line":117,"column":40}},"96":{"start":{"line":118,"column":4},"end":{"line":118,"column":62}},"97":{"start":{"line":119,"column":4},"end":{"line":119,"column":91}},"98":{"start":{"line":120,"column":4},"end":{"line":120,"column":50}},"99":{"start":{"line":121,"column":4},"end":{"line":121,"column":93}},"100":{"start":{"line":122,"column":4},"end":{"line":122,"column":15}},"101":{"start":{"line":124,"column":0},"end":{"line":134,"column":2}},"102":{"start":{"line":125,"column":4},"end":{"line":125,"column":36}},"103":{"start":{"line":126,"column":4},"end":{"line":126,"column":38}},"104":{"start":{"line":127,"column":4},"end":{"line":127,"column":38}},"105":{"start":{"line":128,"column":4},"end":{"line":128,"column":40}},"106":{"start":{"line":129,"column":4},"end":{"line":129,"column":32}},"107":{"start":{"line":130,"column":4},"end":{"line":130,"column":35}},"108":{"start":{"line":131,"column":4},"end":{"line":131,"column":32}},"109":{"start":{"line":132,"column":4},"end":{"line":132,"column":40}},"110":{"start":{"line":133,"column":4},"end":{"line":133,"column":33}},"111":{"start":{"line":135,"column":0},"end":{"line":137,"column":2}},"112":{"start":{"line":136,"column":4},"end":{"line":136,"column":59}},"113":{"start":{"line":138,"column":0},"end":{"line":143,"column":2}},"114":{"start":{"line":139,"column":4},"end":{"line":141,"column":5}},"115":{"start":{"line":140,"column":8},"end":{"line":140,"column":60}},"116":{"start":{"line":142,"column":4},"end":{"line":142,"column":36}},"117":{"start":{"line":144,"column":0},"end":{"line":156,"column":2}},"118":{"start":{"line":145,"column":4},"end":{"line":155,"column":6}},"119":{"start":{"line":157,"column":0},"end":{"line":167,"column":2}},"120":{"start":{"line":158,"column":4},"end":{"line":158,"column":71}},"121":{"start":{"line":159,"column":4},"end":{"line":159,"column":80}},"122":{"start":{"line":160,"column":4},"end":{"line":160,"column":77}},"123":{"start":{"line":161,"column":4},"end":{"line":161,"column":83}},"124":{"start":{"line":162,"column":4},"end":{"line":162,"column":59}},"125":{"start":{"line":163,"column":4},"end":{"line":163,"column":82}},"126":{"start":{"line":164,"column":4},"end":{"line":164,"column":79}},"127":{"start":{"line":165,"column":4},"end":{"line":165,"column":80}},"128":{"start":{"line":166,"column":4},"end":{"line":166,"column":82}},"129":{"start":{"line":168,"column":0},"end":{"line":172,"column":2}},"130":{"start":{"line":169,"column":4},"end":{"line":169,"column":47}},"131":{"start":{"line":170,"column":4},"end":{"line":170,"column":22}},"132":{"start":{"line":171,"column":4},"end":{"line":171,"column":29}},"133":{"start":{"line":173,"column":0},"end":{"line":175,"column":2}},"134":{"start":{"line":174,"column":4},"end":{"line":174,"column":37}},"135":{"start":{"line":176,"column":0},"end":{"line":178,"column":2}},"136":{"start":{"line":177,"column":4},"end":{"line":177,"column":45}}},"branchMap":{"1":{"line":4,"type":"binary-expr","locations":[{"start":{"line":4,"column":11},"end":{"line":4,"column":15}},{"start":{"line":4,"column":19},"end":{"line":4,"column":21}}]},"2":{"line":53,"type":"if","locations":[{"start":{"line":53,"column":4},"end":{"line":53,"column":4}},{"start":{"line":53,"column":4},"end":{"line":53,"column":4}}]},"3":{"line":73,"type":"binary-expr","locations":[{"start":{"line":73,"column":4},"end":{"line":73,"column":35}},{"start":{"line":73,"column":40},"end":{"line":73,"column":69}}]},"4":{"line":74,"type":"binary-expr","locations":[{"start":{"line":74,"column":4},"end":{"line":74,"column":38}},{"start":{"line":74,"column":43},"end":{"line":74,"column":78}}]},"5":{"line":75,"type":"binary-expr","locations":[{"start":{"line":75,"column":4},"end":{"line":75,"column":39}},{"start":{"line":75,"column":44},"end":{"line":75,"column":81}}]},"6":{"line":76,"type":"binary-expr","locations":[{"start":{"line":76,"column":4},"end":{"line":76,"column":37}},{"start":{"line":76,"column":42},"end":{"line":76,"column":75}}]},"7":{"line":77,"type":"binary-expr","locations":[{"start":{"line":77,"column":4},"end":{"line":77,"column":39}},{"start":{"line":77,"column":44},"end":{"line":77,"column":81}}]},"8":{"line":78,"type":"binary-expr","locations":[{"start":{"line":78,"column":4},"end":{"line":78,"column":36}},{"start":{"line":78,"column":41},"end":{"line":78,"column":72}}]},"9":{"line":79,"type":"binary-expr","locations":[{"start":{"line":79,"column":4},"end":{"line":79,"column":34}},{"start":{"line":79,"column":39},"end":{"line":79,"column":80}}]},"10":{"line":80,"type":"binary-expr","locations":[{"start":{"line":80,"column":4},"end":{"line":80,"column":35}},{"start":{"line":80,"column":40},"end":{"line":80,"column":69}}]},"11":{"line":81,"type":"binary-expr","locations":[{"start":{"line":81,"column":4},"end":{"line":81,"column":34}},{"start":{"line":81,"column":39},"end":{"line":81,"column":80}}]},"12":{"line":82,"type":"binary-expr","locations":[{"start":{"line":82,"column":4},"end":{"line":82,"column":33}},{"start":{"line":82,"column":38},"end":{"line":82,"column":77}}]},"13":{"line":139,"type":"if","locations":[{"start":{"line":139,"column":4},"end":{"line":139,"column":4}},{"start":{"line":139,"column":4},"end":{"line":139,"column":4}}]},"14":{"line":158,"type":"binary-expr","locations":[{"start":{"line":158,"column":4},"end":{"line":158,"column":35}},{"start":{"line":158,"column":40},"end":{"line":158,"column":69}}]},"15":{"line":159,"type":"binary-expr","locations":[{"start":{"line":159,"column":4},"end":{"line":159,"column":38}},{"start":{"line":159,"column":43},"end":{"line":159,"column":78}}]},"16":{"line":160,"type":"binary-expr","locations":[{"start":{"line":160,"column":4},"end":{"line":160,"column":37}},{"start":{"line":160,"column":42},"end":{"line":160,"column":75}}]},"17":{"line":161,"type":"binary-expr","locations":[{"start":{"line":161,"column":4},"end":{"line":161,"column":39}},{"start":{"line":161,"column":44},"end":{"line":161,"column":81}}]},"18":{"line":162,"type":"binary-expr","locations":[{"start":{"line":162,"column":4},"end":{"line":162,"column":31}},{"start":{"line":162,"column":36},"end":{"line":162,"column":57}}]},"19":{"line":163,"type":"binary-expr","locations":[{"start":{"line":163,"column":4},"end":{"line":163,"column":34}},{"start":{"line":163,"column":39},"end":{"line":163,"column":80}}]},"20":{"line":164,"type":"binary-expr","locations":[{"start":{"line":164,"column":4},"end":{"line":164,"column":33}},{"start":{"line":164,"column":38},"end":{"line":164,"column":77}}]},"21":{"line":165,"type":"binary-expr","locations":[{"start":{"line":165,"column":4},"end":{"line":165,"column":38}},{"start":{"line":165,"column":43},"end":{"line":165,"column":78}}]},"22":{"line":166,"type":"binary-expr","locations":[{"start":{"line":166,"column":4},"end":{"line":166,"column":34}},{"start":{"line":166,"column":39},"end":{"line":166,"column":80}}]}}},"/Users/czzou/work/tars_node/rpc/core/rpc-tars/CreateNodeBuffer.js":{"path":"/Users/czzou/work/tars_node/rpc/core/rpc-tars/CreateNodeBuffer.js","s":{"1":1,"2":1,"3":1,"4":0,"5":0,"6":0,"7":1},"b":{"1":[1,0]},"f":{"1":1,"2":0,"3":0},"fnMap":{"1":{"name":"(anonymous_1)","line":4,"loc":{"start":{"line":4,"column":24},"end":{"line":4,"column":36}}},"2":{"name":"(anonymous_2)","line":6,"loc":{"start":{"line":6,"column":15},"end":{"line":6,"column":31}}},"3":{"name":"(anonymous_3)","line":10,"loc":{"start":{"line":10,"column":15},"end":{"line":10,"column":31}}}},"statementMap":{"1":{"start":{"line":4,"column":0},"end":{"line":14,"column":5}},"2":{"start":{"line":5,"column":4},"end":{"line":13,"column":5}},"3":{"start":{"line":6,"column":8},"end":{"line":8,"column":9}},"4":{"start":{"line":7,"column":12},"end":{"line":7,"column":44}},"5":{"start":{"line":10,"column":8},"end":{"line":12,"column":9}},"6":{"start":{"line":11,"column":12},"end":{"line":11,"column":36}},"7":{"start":{"line":16,"column":0},"end":{"line":16,"column":34}}},"branchMap":{"1":{"line":5,"type":"if","locations":[{"start":{"line":5,"column":4},"end":{"line":5,"column":4}},{"start":{"line":5,"column":4},"end":{"line":5,"column":4}}]}}},"/Users/czzou/work/tars_node/rpc/core/rpc-tars/tars-server.js":{"path":"/Users/czzou/work/tars_node/rpc/core/rpc-tars/tars-server.js","s":{"1":1,"2":1,"3":1,"4":1,"5":1,"6":1,"7":12,"8":12,"9":12,"10":12,"11":1,"12":1,"13":0,"14":1,"15":1,"16":12,"17":1,"18":11,"19":11,"20":11,"21":11,"22":11,"23":11,"24":11,"25":11,"26":11,"27":11,"28":0,"29":11,"30":11,"31":11,"32":11,"33":11,"34":1,"35":1,"36":1,"37":1,"38":1,"39":1,"40":1,"41":1,"42":1,"43":1,"44":1,"45":1,"46":0,"47":0,"48":0,"49":1,"50":1,"51":1,"52":1,"53":1,"54":1,"55":1,"56":1,"57":13,"58":13,"59":13,"60":13,"61":1,"62":11,"63":0,"64":11,"65":11,"66":11,"67":11,"68":11,"69":11,"70":11,"71":13,"72":13,"73":13,"74":13,"75":13,"76":13,"77":0,"78":0,"79":0,"80":13,"81":13,"82":13,"83":13,"84":11,"85":2,"86":2,"87":0,"88":11,"89":0,"90":0,"91":0,"92":0,"93":11,"94":11,"95":1,"96":0,"97":0,"98":0},"b":{"1":[1,11],"2":[12,11],"3":[11,0],"4":[11,0],"5":[11,0],"6":[11,11],"7":[0,1],"8":[1,1],"9":[0,11],"10":[11,11],"11":[11,0],"12":[11,0],"13":[11,2],"14":[0,2],"15":[0,11]},"f":{"1":12,"2":0,"3":12,"4":11,"5":1,"6":13,"7":11,"8":0},"fnMap":{"1":{"name":"(anonymous_1)","line":10,"loc":{"start":{"line":10,"column":13},"end":{"line":10,"column":25}}},"2":{"name":"(anonymous_2)","line":18,"loc":{"start":{"line":18,"column":42},"end":{"line":18,"column":54}}},"3":{"name":"(anonymous_3)","line":27,"loc":{"start":{"line":27,"column":27},"end":{"line":27,"column":52}}},"4":{"name":"(anonymous_4)","line":31,"loc":{"start":{"line":31,"column":31},"end":{"line":31,"column":56}}},"5":{"name":"(anonymous_5)","line":57,"loc":{"start":{"line":57,"column":30},"end":{"line":57,"column":55}}},"6":{"name":"(anonymous_6)","line":94,"loc":{"start":{"line":94,"column":26},"end":{"line":94,"column":38}}},"7":{"name":"(anonymous_7)","line":101,"loc":{"start":{"line":101,"column":24},"end":{"line":101,"column":40}}},"8":{"name":"(anonymous_8)","line":158,"loc":{"start":{"line":158,"column":25},"end":{"line":158,"column":37}}}},"statementMap":{"1":{"start":{"line":4,"column":0},"end":{"line":4,"column":50}},"2":{"start":{"line":5,"column":0},"end":{"line":5,"column":35}},"3":{"start":{"line":6,"column":0},"end":{"line":6,"column":50}},"4":{"start":{"line":7,"column":0},"end":{"line":7,"column":50}},"5":{"start":{"line":8,"column":0},"end":{"line":8,"column":53}},"6":{"start":{"line":10,"column":0},"end":{"line":16,"column":1}},"7":{"start":{"line":11,"column":4},"end":{"line":11,"column":28}},"8":{"start":{"line":13,"column":4},"end":{"line":13,"column":29}},"9":{"start":{"line":14,"column":4},"end":{"line":14,"column":20}},"10":{"start":{"line":15,"column":4},"end":{"line":15,"column":27}},"11":{"start":{"line":17,"column":0},"end":{"line":17,"column":36}},"12":{"start":{"line":18,"column":0},"end":{"line":18,"column":78}},"13":{"start":{"line":18,"column":56},"end":{"line":18,"column":74}},"14":{"start":{"line":20,"column":0},"end":{"line":20,"column":24}},"15":{"start":{"line":27,"column":0},"end":{"line":29,"column":1}},"16":{"start":{"line":28,"column":4},"end":{"line":28,"column":149}},"17":{"start":{"line":31,"column":0},"end":{"line":55,"column":1}},"18":{"start":{"line":33,"column":4},"end":{"line":33,"column":51}},"19":{"start":{"line":34,"column":4},"end":{"line":34,"column":63}},"20":{"start":{"line":35,"column":4},"end":{"line":35,"column":30}},"21":{"start":{"line":36,"column":4},"end":{"line":36,"column":62}},"22":{"start":{"line":37,"column":4},"end":{"line":37,"column":60}},"23":{"start":{"line":38,"column":4},"end":{"line":38,"column":93}},"24":{"start":{"line":39,"column":4},"end":{"line":39,"column":54}},"25":{"start":{"line":40,"column":4},"end":{"line":40,"column":54}},"26":{"start":{"line":42,"column":4},"end":{"line":46,"column":5}},"27":{"start":{"line":43,"column":8},"end":{"line":45,"column":9}},"28":{"start":{"line":44,"column":12},"end":{"line":44,"column":100}},"29":{"start":{"line":49,"column":4},"end":{"line":49,"column":47}},"30":{"start":{"line":50,"column":4},"end":{"line":50,"column":26}},"31":{"start":{"line":51,"column":4},"end":{"line":51,"column":26}},"32":{"start":{"line":52,"column":4},"end":{"line":52,"column":49}},"33":{"start":{"line":54,"column":4},"end":{"line":54,"column":44}},"34":{"start":{"line":57,"column":0},"end":{"line":87,"column":1}},"35":{"start":{"line":59,"column":4},"end":{"line":59,"column":50}},"36":{"start":{"line":60,"column":4},"end":{"line":60,"column":58}},"37":{"start":{"line":61,"column":4},"end":{"line":61,"column":30}},"38":{"start":{"line":62,"column":4},"end":{"line":62,"column":62}},"39":{"start":{"line":63,"column":4},"end":{"line":63,"column":60}},"40":{"start":{"line":64,"column":4},"end":{"line":64,"column":62}},"41":{"start":{"line":65,"column":4},"end":{"line":65,"column":59}},"42":{"start":{"line":66,"column":4},"end":{"line":66,"column":52}},"43":{"start":{"line":68,"column":4},"end":{"line":68,"column":87}},"44":{"start":{"line":69,"column":4},"end":{"line":69,"column":76}},"45":{"start":{"line":71,"column":4},"end":{"line":75,"column":5}},"46":{"start":{"line":72,"column":8},"end":{"line":72,"column":49}},"47":{"start":{"line":73,"column":8},"end":{"line":73,"column":57}},"48":{"start":{"line":74,"column":8},"end":{"line":74,"column":41}},"49":{"start":{"line":78,"column":4},"end":{"line":78,"column":47}},"50":{"start":{"line":79,"column":4},"end":{"line":79,"column":32}},"51":{"start":{"line":80,"column":4},"end":{"line":80,"column":26}},"52":{"start":{"line":82,"column":4},"end":{"line":82,"column":34}},"53":{"start":{"line":83,"column":4},"end":{"line":83,"column":56}},"54":{"start":{"line":84,"column":4},"end":{"line":84,"column":43}},"55":{"start":{"line":86,"column":4},"end":{"line":86,"column":44}},"56":{"start":{"line":94,"column":0},"end":{"line":99,"column":1}},"57":{"start":{"line":95,"column":4},"end":{"line":95,"column":34}},"58":{"start":{"line":96,"column":4},"end":{"line":96,"column":34}},"59":{"start":{"line":97,"column":4},"end":{"line":97,"column":27}},"60":{"start":{"line":98,"column":4},"end":{"line":98,"column":27}},"61":{"start":{"line":101,"column":0},"end":{"line":153,"column":1}},"62":{"start":{"line":102,"column":4},"end":{"line":106,"column":5}},"63":{"start":{"line":103,"column":8},"end":{"line":103,"column":61}},"64":{"start":{"line":105,"column":8},"end":{"line":105,"column":30}},"65":{"start":{"line":107,"column":4},"end":{"line":107,"column":38}},"66":{"start":{"line":109,"column":4},"end":{"line":152,"column":5}},"67":{"start":{"line":110,"column":8},"end":{"line":110,"column":51}},"68":{"start":{"line":111,"column":8},"end":{"line":151,"column":9}},"69":{"start":{"line":112,"column":12},"end":{"line":112,"column":73}},"70":{"start":{"line":113,"column":12},"end":{"line":140,"column":13}},"71":{"start":{"line":116,"column":16},"end":{"line":116,"column":127}},"72":{"start":{"line":117,"column":16},"end":{"line":117,"column":56}},"73":{"start":{"line":118,"column":16},"end":{"line":118,"column":41}},"74":{"start":{"line":119,"column":16},"end":{"line":119,"column":41}},"75":{"start":{"line":120,"column":16},"end":{"line":126,"column":17}},"76":{"start":{"line":121,"column":20},"end":{"line":121,"column":81}},"77":{"start":{"line":123,"column":20},"end":{"line":123,"column":56}},"78":{"start":{"line":124,"column":20},"end":{"line":124,"column":42}},"79":{"start":{"line":125,"column":20},"end":{"line":125,"column":26}},"80":{"start":{"line":127,"column":16},"end":{"line":127,"column":63}},"81":{"start":{"line":130,"column":16},"end":{"line":130,"column":46}},"82":{"start":{"line":131,"column":16},"end":{"line":131,"column":30}},"83":{"start":{"line":133,"column":16},"end":{"line":135,"column":17}},"84":{"start":{"line":134,"column":20},"end":{"line":134,"column":26}},"85":{"start":{"line":136,"column":16},"end":{"line":136,"column":53}},"86":{"start":{"line":137,"column":16},"end":{"line":139,"column":17}},"87":{"start":{"line":138,"column":20},"end":{"line":138,"column":26}},"88":{"start":{"line":142,"column":12},"end":{"line":150,"column":13}},"89":{"start":{"line":143,"column":16},"end":{"line":143,"column":67}},"90":{"start":{"line":144,"column":16},"end":{"line":144,"column":44}},"91":{"start":{"line":145,"column":16},"end":{"line":145,"column":35}},"92":{"start":{"line":146,"column":16},"end":{"line":146,"column":48}},"93":{"start":{"line":148,"column":16},"end":{"line":148,"column":32}},"94":{"start":{"line":149,"column":16},"end":{"line":149,"column":39}},"95":{"start":{"line":158,"column":0},"end":{"line":162,"column":1}},"96":{"start":{"line":159,"column":4},"end":{"line":159,"column":22}},"97":{"start":{"line":160,"column":4},"end":{"line":160,"column":20}},"98":{"start":{"line":161,"column":4},"end":{"line":161,"column":27}}},"branchMap":{"1":{"line":28,"type":"cond-expr","locations":[{"start":{"line":28,"column":86},"end":{"line":28,"column":116}},{"start":{"line":28,"column":117},"end":{"line":28,"column":148}}]},"2":{"line":28,"type":"binary-expr","locations":[{"start":{"line":28,"column":12},"end":{"line":28,"column":46}},{"start":{"line":28,"column":50},"end":{"line":28,"column":84}}]},"3":{"line":34,"type":"binary-expr","locations":[{"start":{"line":34,"column":28},"end":{"line":34,"column":57}},{"start":{"line":34,"column":61},"end":{"line":34,"column":62}}]},"4":{"line":38,"type":"cond-expr","locations":[{"start":{"line":38,"column":52},"end":{"line":38,"column":75}},{"start":{"line":38,"column":76},"end":{"line":38,"column":92}}]},"5":{"line":42,"type":"if","locations":[{"start":{"line":42,"column":4},"end":{"line":42,"column":4}},{"start":{"line":42,"column":4},"end":{"line":42,"column":4}}]},"6":{"line":42,"type":"binary-expr","locations":[{"start":{"line":42,"column":8},"end":{"line":42,"column":30}},{"start":{"line":42,"column":34},"end":{"line":42,"column":64}}]},"7":{"line":71,"type":"if","locations":[{"start":{"line":71,"column":4},"end":{"line":71,"column":4}},{"start":{"line":71,"column":4},"end":{"line":71,"column":4}}]},"8":{"line":71,"type":"binary-expr","locations":[{"start":{"line":71,"column":8},"end":{"line":71,"column":45}},{"start":{"line":71,"column":49},"end":{"line":71,"column":85}}]},"9":{"line":102,"type":"if","locations":[{"start":{"line":102,"column":4},"end":{"line":102,"column":4}},{"start":{"line":102,"column":4},"end":{"line":102,"column":4}}]},"10":{"line":102,"type":"binary-expr","locations":[{"start":{"line":102,"column":8},"end":{"line":102,"column":30}},{"start":{"line":102,"column":34},"end":{"line":102,"column":55}}]},"11":{"line":109,"type":"if","locations":[{"start":{"line":109,"column":4},"end":{"line":109,"column":4}},{"start":{"line":109,"column":4},"end":{"line":109,"column":4}}]},"12":{"line":111,"type":"if","locations":[{"start":{"line":111,"column":8},"end":{"line":111,"column":8}},{"start":{"line":111,"column":8},"end":{"line":111,"column":8}}]},"13":{"line":133,"type":"if","locations":[{"start":{"line":133,"column":16},"end":{"line":133,"column":16}},{"start":{"line":133,"column":16},"end":{"line":133,"column":16}}]},"14":{"line":137,"type":"if","locations":[{"start":{"line":137,"column":16},"end":{"line":137,"column":16}},{"start":{"line":137,"column":16},"end":{"line":137,"column":16}}]},"15":{"line":142,"type":"if","locations":[{"start":{"line":142,"column":12},"end":{"line":142,"column":12}},{"start":{"line":142,"column":12},"end":{"line":142,"column":12}}]}}},"/Users/czzou/work/tars_node/rpc/core/util/TarsError.js":{"path":"/Users/czzou/work/tars_node/rpc/core/util/TarsError.js","s":{"1":1,"2":1},"b":{},"f":{},"fnMap":{},"statementMap":{"1":{"start":{"line":1,"column":0},"end":{"line":19,"column":2}},"2":{"start":{"line":21,"column":0},"end":{"line":21,"column":37}}},"branchMap":{}},"/Users/czzou/work/tars_node/rpc/core/util/RpcCallError.js":{"path":"/Users/czzou/work/tars_node/rpc/core/util/RpcCallError.js","s":{"1":1,"2":1,"3":1,"4":1,"5":1,"6":1,"7":1},"b":{},"f":{"1":1},"fnMap":{"1":{"name":"RpcCallError","line":3,"loc":{"start":{"line":3,"column":0},"end":{"line":3,"column":28}}}},"statementMap":{"1":{"start":{"line":1,"column":0},"end":{"line":1,"column":27}},"2":{"start":{"line":3,"column":0},"end":{"line":7,"column":1}},"3":{"start":{"line":4,"column":4},"end":{"line":4,"column":34}},"4":{"start":{"line":5,"column":4},"end":{"line":5,"column":35}},"5":{"start":{"line":6,"column":4},"end":{"line":6,"column":32}},"6":{"start":{"line":9,"column":0},"end":{"line":9,"column":35}},"7":{"start":{"line":10,"column":0},"end":{"line":10,"column":43}}},"branchMap":{}},"/Users/czzou/work/tars_node/rpc/core/util/TQueue.js":{"path":"/Users/czzou/work/tars_node/rpc/core/util/TQueue.js","s":{"1":1,"2":41,"3":
[...]
13,"column":0},"end":{"line":118,"column":2}},"62":{"start":{"line":114,"column":4},"end":{"line":114,"column":54}},"63":{"start":{"line":115,"column":4},"end":{"line":115,"column":70}},"64":{"start":{"line":117,"column":4},"end":{"line":117,"column":43}},"65":{"start":{"line":121,"column":0},"end":{"line":195,"column":2}},"66":{"start":{"line":123,"column":4},"end":{"line":125,"column":5}},"67":{"start":{"line":124,"column":8},"end":{"line":124,"column":16}},"68":{"start":{"line":126,"column":4},"end":{"line":128,"column":5}},"69":{"start":{"line":127,"column":8},"end":{"line":127,"column":16}},"70":{"start":{"line":130,"column":4},"end":{"line":130,"column":25}},"71":{"start":{"line":131,"column":4},"end":{"line":139,"column":5}},"72":{"start":{"line":132,"column":8},"end":{"line":132,"column":35}},"73":{"start":{"line":133,"column":11},"end":{"line":139,"column":5}},"74":{"start":{"line":134,"column":8},"end":{"line":134,"column":39}},"75":{"start":{"line":135,"column":11},"end":{"line":139,"column":5}},"76":{"start":{"line":136,"column":8},"end":{"line":136,"column":40}},"77":{"start":{"line":138,"column":8},"end":{"line":138,"column":16}},"78":{"start":{"line":141,"column":4},"end":{"line":141,"column":99}},"79":{"start":{"line":143,"column":4},"end":{"line":151,"column":5}},"80":{"start":{"line":146,"column":8},"end":{"line":150,"column":9}},"81":{"start":{"line":148,"column":12},"end":{"line":148,"column":46}},"82":{"start":{"line":149,"column":12},"end":{"line":149,"column":63}},"83":{"start":{"line":153,"column":4},"end":{"line":173,"column":5}},"84":{"start":{"line":155,"column":8},"end":{"line":155,"column":79}},"85":{"start":{"line":156,"column":8},"end":{"line":156,"column":82}},"86":{"start":{"line":158,"column":8},"end":{"line":171,"column":9}},"87":{"start":{"line":160,"column":12},"end":{"line":160,"column":93}},"88":{"start":{"line":161,"column":12},"end":{"line":170,"column":13}},"89":{"start":{"line":163,"column":16},"end":{"line":163,"column":45}},"90":{"start":{"line":164,"column":16},"end":{"line":164,"column":52}},"91":{"start":{"line":165,"column":16},"end":{"line":165,"column":44}},"92":{"start":{"line":166,"column":16},"end":{"line":166,"column":44}},"93":{"start":{"line":167,"column":16},"end":{"line":167,"column":42}},"94":{"start":{"line":169,"column":16},"end":{"line":169,"column":48}},"95":{"start":{"line":175,"column":4},"end":{"line":183,"column":6}},"96":{"start":{"line":185,"column":4},"end":{"line":186,"column":44}},"97":{"start":{"line":186,"column":8},"end":{"line":186,"column":44}},"98":{"start":{"line":188,"column":4},"end":{"line":189,"column":44}},"99":{"start":{"line":189,"column":8},"end":{"line":189,"column":44}},"100":{"start":{"line":191,"column":4},"end":{"line":192,"column":40}},"101":{"start":{"line":192,"column":8},"end":{"line":192,"column":40}},"102":{"start":{"line":194,"column":4},"end":{"line":194,"column":107}}},"branchMap":{"1":{"line":35,"type":"cond-expr","locations":[{"start":{"line":35,"column":24},"end":{"line":35,"column":45}},{"start":{"line":35,"column":46},"end":{"line":35,"column":55}}]},"2":{"line":40,"type":"cond-expr","locations":[{"start":{"line":40,"column":24},"end":{"line":40,"column":47}},{"start":{"line":40,"column":48},"end":{"line":40,"column":57}}]},"3":{"line":45,"type":"cond-expr","locations":[{"start":{"line":45,"column":24},"end":{"line":45,"column":44}},{"start":{"line":45,"column":45},"end":{"line":45,"column":54}}]},"4":{"line":50,"type":"cond-expr","locations":[{"start":{"line":50,"column":24},"end":{"line":50,"column":43}},{"start":{"line":50,"column":44},"end":{"line":50,"column":53}}]},"5":{"line":80,"type":"if","locations":[{"start":{"line":80,"column":4},"end":{"line":80,"column":4}},{"start":{"line":80,"column":4},"end":{"line":80,"column":4}}]},"6":{"line":80,"type":"binary-expr","locations":[{"start":{"line":80,"column":8},"end":{"line":80,"column":38}},{"start":{"line":80,"column":42},"end":{"line":80,"column":71}}]},"7":{"line":98,"type":"if","locations":[{"start":{"line":98,"column":4},"end":{"line":98,"column":4}},{"start":{"line":98,"column":4},"end":{"line":98,"column":4}}]},"8":{"line":98,"type":"binary-expr","locations":[{"start":{"line":98,"column":8},"end":{"line":98,"column":38}},{"start":{"line":98,"column":42},"end":{"line":98,"column":71}}]},"9":{"line":115,"type":"binary-expr","locations":[{"start":{"line":115,"column":21},"end":{"line":115,"column":63}},{"start":{"line":115,"column":67},"end":{"line":115,"column":69}}]},"10":{"line":123,"type":"if","locations":[{"start":{"line":123,"column":4},"end":{"line":123,"column":4}},{"start":{"line":123,"column":4},"end":{"line":123,"column":4}}]},"11":{"line":126,"type":"if","locations":[{"start":{"line":126,"column":4},"end":{"line":126,"column":4}},{"start":{"line":126,"column":4},"end":{"line":126,"column":4}}]},"12":{"line":131,"type":"if","locations":[{"start":{"line":131,"column":4},"end":{"line":131,"column":4}},{"start":{"line":131,"column":4},"end":{"line":131,"column":4}}]},"13":{"line":131,"type":"binary-expr","locations":[{"start":{"line":131,"column":8},"end":{"line":131,"column":35}},{"start":{"line":131,"column":39},"end":{"line":131,"column":66}}]},"14":{"line":133,"type":"if","locations":[{"start":{"line":133,"column":11},"end":{"line":133,"column":11}},{"start":{"line":133,"column":11},"end":{"line":133,"column":11}}]},"15":{"line":135,"type":"if","locations":[{"start":{"line":135,"column":11},"end":{"line":135,"column":11}},{"start":{"line":135,"column":11},"end":{"line":135,"column":11}}]},"16":{"line":143,"type":"if","locations":[{"start":{"line":143,"column":4},"end":{"line":143,"column":4}},{"start":{"line":143,"column":4},"end":{"line":143,"column":4}}]},"17":{"line":146,"type":"if","locations":[{"start":{"line":146,"column":8},"end":{"line":146,"column":8}},{"start":{"line":146,"column":8},"end":{"line":146,"column":8}}]},"18":{"line":153,"type":"if","locations":[{"start":{"line":153,"column":4},"end":{"line":153,"column":4}},{"start":{"line":153,"column":4},"end":{"line":153,"column":4}}]},"19":{"line":158,"type":"if","locations":[{"start":{"line":158,"column":8},"end":{"line":158,"column":8}},{"start":{"line":158,"column":8},"end":{"line":158,"column":8}}]},"20":{"line":158,"type":"binary-expr","locations":[{"start":{"line":158,"column":11},"end":{"line":158,"column":27}},{"start":{"line":158,"column":31},"end":{"line":158,"column":47}}]},"21":{"line":161,"type":"if","locations":[{"start":{"line":161,"column":12},"end":{"line":161,"column":12}},{"start":{"line":161,"column":12},"end":{"line":161,"column":12}}]},"22":{"line":165,"type":"binary-expr","locations":[{"start":{"line":165,"column":31},"end":{"line":165,"column":37}},{"start":{"line":165,"column":41},"end":{"line":165,"column":43}}]},"23":{"line":166,"type":"binary-expr","locations":[{"start":{"line":166,"column":31},"end":{"line":166,"column":37}},{"start":{"line":166,"column":41},"end":{"line":166,"column":43}}]},"24":{"line":167,"type":"binary-expr","locations":[{"start":{"line":167,"column":29},"end":{"line":167,"column":35}},{"start":{"line":167,"column":39},"end":{"line":167,"column":41}}]},"25":{"line":185,"type":"if","locations":[{"start":{"line":185,"column":4},"end":{"line":185,"column":4}},{"start":{"line":185,"column":4},"end":{"line":185,"column":4}}]},"26":{"line":188,"type":"if","locations":[{"start":{"line":188,"column":4},"end":{"line":188,"column":4}},{"start":{"line":188,"column":4},"end":{"line":188,"column":4}}]},"27":{"line":191,"type":"if","locations":[{"start":{"line":191,"column":4},"end":{"line":191,"column":4}},{"start":{"line":191,"column":4},"end":{"line":191,"column":4}}]}}},"/Users/czzou/work/tars_node/rpc/core/server/ProtoMessage.js":{"path":"/Users/czzou/work/tars_node/rpc/core/server/ProtoMessage.js","s":{"1":1,"2":0,"3":0,"4":0,"5":0,"6":1,"7":14,"8":14,"9":14,"10":14,"11":14,"12":1,"13":1},"b":{},"f":{"1":0,"2":14},"fnMap":{"1":{"name":"(anonymous_1)","line":2,"loc":{"start":{"line":2,"column":26},"end":{"line":2,"column":38}}},"2":{"name":"(anonymous_2)","line":10,"loc":{"start":{"line":10,"column":27},"end":{"line":10,"column":39}}}},"statementMap":{"1":{"start":{"line":2,"column":0},"end":{"line":7,"column":2}},"2":{"start":{"line":3,"column":4},"end":{"line":3,"column":34}},"3":{"start":{"line":4,"column":4},"end":{"line":4,"column":34}},"4":{"start":{"line":5,"column":4},"end":{"line":5,"column":27}},"5":{"start":{"line":6,"column":4},"end":{"line":6,"column":27}},"6":{"start":{"line":10,"column":0},"end":{"line":16,"column":2}},"7":{"start":{"line":11,"column":4},"end":{"line":11,"column":34}},"8":{"start":{"line":12,"column":4},"end":{"line":12,"column":26}},"9":{"start":{"line":13,"column":4},"end":{"line":13,"column":27}},"10":{"start":{"line":14,"column":4},"end":{"line":14,"column":34}},"11":{"start":{"line":15,"column":4},"end":{"line":15,"column":34}},"12":{"start":{"line":18,"column":0},"end":{"line":18,"column":46}},"13":{"start":{"line":19,"column":0},"end":{"line":19,"column":47}}},"branchMap":{}},"/Users/czzou/work/tars_node/rpc/core/rpc-json/index.js":{"path":"/Users/czzou/work/tars_node/rpc/core/rpc-json/index.js","s":{"1":1,"2":1},"b":{},"f":{},"fnMap":{},"statementMap":{"1":{"start":{"line":1,"column":0},"end":{"line":1,"column":52}},"2":{"start":{"line":2,"column":0},"end":{"line":2,"column":52}}},"branchMap":{}},"/Users/czzou/work/tars_node/rpc/core/rpc-json/json-client.js":{"path":"/Users/czzou/work/tars_node/rpc/core/rpc-json/json-client.js","s":{"1":1,"2":1,"3":1,"4":1,"5":1,"6":1,"7":1,"8":1,"9":0,"10":1,"11":1,"12":2,"13":2,"14":2,"15":2,"16":2,"17":2,"18":1,"19":2,"20":2,"21":2,"22":2,"23":1,"24":2,"25":2,"26":0,"27":0,"28":0,"29":0,"30":0,"31":2,"32":2,"33":0,"34":2,"35":2,"36":0,"37":2,"38":2,"39":2,"40":2,"41":2,"42":2,"43":2,"44":2,"45":2,"46":0,"47":0,"48":1,"49":0,"50":0},"b":{"1":[0,2],"2":[0,2],"3":[0,2],"4":[0,2]},"f":{"1":1,"2":0,"3":2,"4":2,"5":2,"6":0},"fnMap":{"1":{"name":"(anonymous_1)","line":9,"loc":{"start":{"line":9,"column":13},"end":{"line":9,"column":25}}},"2":{"name":"(anonymous_2)","line":16,"loc":{"start":{"line":16,"column":42},"end":{"line":16,"column":54}}},"3":{"name":"(anonymous_3)","line":27,"loc":{"start":{"line":27,"column":27},"end":{"line":27,"column":52}}},"4":{"name":"(anonymous_4)","line":46,"loc":{"start":{"line":46,"column":26},"end":{"line":46,"column":38}}},"5":{"name":"(anonymous_5)","line":53,"loc":{"start":{"line":53,"column":24},"end":{"line":53,"column":40}}},"6":{"name":"(anonymous_6)","line":95,"loc":{"start":{"line":95,"column":25},"end":{"line":95,"column":37}}}},"statementMap":{"1":{"start":{"line":6,"column":0},"end":{"line":6,"column":50}},"2":{"start":{"line":7,"column":0},"end":{"line":7,"column":35}},"3":{"start":{"line":9,"column":0},"end":{"line":13,"column":1}},"4":{"start":{"line":10,"column":4},"end":{"line":10,"column":28}},"5":{"start":{"line":11,"column":4},"end":{"line":11,"column":27}},"6":{"start":{"line":12,"column":4},"end":{"line":12,"column":24}},"7":{"start":{"line":14,"column":0},"end":{"line":14,"column":36}},"8":{"start":{"line":16,"column":0},"end":{"line":16,"column":78}},"9":{"start":{"line":16,"column":56},"end":{"line":16,"column":74}},"10":{"start":{"line":18,"column":0},"end":{"line":18,"column":24}},"11":{"start":{"line":27,"column":0},"end":{"line":40,"column":1}},"12":{"start":{"line":28,"column":4},"end":{"line":32,"column":7}},"13":{"start":{"line":34,"column":4},"end":{"line":34,"column":41}},"14":{"start":{"line":35,"column":4},"end":{"line":35,"column":30}},"15":{"start":{"line":36,"column":4},"end":{"line":36,"column":30}},"16":{"start":{"line":37,"column":4},"end":{"line":37,"column":22}},"17":{"start":{"line":39,"column":4},"end":{"line":39,"column":15}},"18":{"start":{"line":46,"column":0},"end":{"line":51,"column":1}},"19":{"start":{"line":47,"column":4},"end":{"line":47,"column":34}},"20":{"start":{"line":48,"column":4},"end":{"line":48,"column":34}},"21":{"start":{"line":49,"column":4},"end":{"line":49,"column":27}},"22":{"start":{"line":50,"column":4},"end":{"line":50,"column":27}},"23":{"start":{"line":53,"column":0},"end":{"line":90,"column":1}},"24":{"start":{"line":54,"column":4},"end":{"line":54,"column":25}},"25":{"start":{"line":55,"column":4},"end":{"line":61,"column":5}},"26":{"start":{"line":56,"column":8},"end":{"line":56,"column":63}},"27":{"start":{"line":57,"column":8},"end":{"line":57,"column":33}},"28":{"start":{"line":58,"column":8},"end":{"line":58,"column":43}},"29":{"start":{"line":59,"column":8},"end":{"line":59,"column":31}},"30":{"start":{"line":60,"column":8},"end":{"line":60,"column":25}},"31":{"start":{"line":63,"column":4},"end":{"line":84,"column":5}},"32":{"start":{"line":64,"column":8},"end":{"line":66,"column":9}},"33":{"start":{"line":65,"column":12},"end":{"line":65,"column":18}},"34":{"start":{"line":67,"column":8},"end":{"line":67,"column":49}},"35":{"start":{"line":68,"column":8},"end":{"line":70,"column":9}},"36":{"start":{"line":69,"column":12},"end":{"line":69,"column":18}},"37":{"start":{"line":72,"column":8},"end":{"line":72,"column":89}},"38":{"start":{"line":73,"column":8},"end":{"line":73,"column":53}},"39":{"start":{"line":74,"column":8},"end":{"line":74,"column":54}},"40":{"start":{"line":75,"column":8},"end":{"line":75,"column":54}},"41":{"start":{"line":76,"column":8},"end":{"line":76,"column":53}},"42":{"start":{"line":77,"column":8},"end":{"line":80,"column":10}},"43":{"start":{"line":82,"column":8},"end":{"line":82,"column":43}},"44":{"start":{"line":83,"column":8},"end":{"line":83,"column":22}},"45":{"start":{"line":86,"column":4},"end":{"line":89,"column":5}},"46":{"start":{"line":87,"column":8},"end":{"line":87,"column":56}},"47":{"start":{"line":88,"column":8},"end":{"line":88,"column":43}},"48":{"start":{"line":95,"column":0},"end":{"line":98,"column":1}},"49":{"start":{"line":96,"column":4},"end":{"line":96,"column":22}},"50":{"start":{"line":97,"column":4},"end":{"line":97,"column":27}}},"branchMap":{"1":{"line":55,"type":"if","locations":[{"start":{"line":55,"column":4},"end":{"line":55,"column":4}},{"start":{"line":55,"column":4},"end":{"line":55,"column":4}}]},"2":{"line":64,"type":"if","locations":[{"start":{"line":64,"column":8},"end":{"line":64,"column":8}},{"start":{"line":64,"column":8},"end":{"line":64,"column":8}}]},"3":{"line":68,"type":"if","locations":[{"start":{"line":68,"column":8},"end":{"line":68,"column":8}},{"start":{"line":68,"column":8},"end":{"line":68,"column":8}}]},"4":{"line":86,"type":"if","locations":[{"start":{"line":86,"column":4},"end":{"line":86,"column":4}},{"start":{"line":86,"column":4},"end":{"line":86,"column":4}}]}}},"/Users/czzou/work/tars_node/rpc/core/rpc-json/json-server.js":{"path":"/Users/czzou/work/tars_node/rpc/core/rpc-json/json-server.js","s":{"1":1,"2":1,"3":1,"4":1,"5":1,"6":1,"7":1,"8":1,"9":0,"10":1,"11":1,"12":2,"13":2,"14":2,"15":2,"16":2,"17":2,"18":1,"19":2,"20":2,"21":2,"22":2,"23":1,"24":2,"25":2,"26":0,"27":0,"28":0,"29":0,"30":0,"31":2,"32":2,"33":0,"34":2,"35":2,"36":0,"37":2,"38":2,"39":2,"40":2,"41":2,"42":2,"43":2,"44":2,"45":2,"46":0,"47":0,"48":1,"49":0,"50":0},"b":{"1":[0,2],"2":[0,2],"3":[0,2],"4":[0,2]},"f":{"1":1,"2":0,"3":2,"4":2,"5":2,"6":0},"fnMap":{"1":{"name":"(anonymous_1)","line":9,"loc":{"start":{"line":9,"column":13},"end":{"line":9,"column":25}}},"2":{"name":"(anonymous_2)","line":16,"loc":{"start":{"line":16,"column":42},"end":{"line":16,"column":54}}},"3":{"name":"(anonymous_3)","line":27,"loc":{"start":{"line":27,"column":27},"end":{"line":27,"column":52}}},"4":{"name":"(anonymous_4)","line":48,"loc":{"start":{"line":48,"column":26},"end":{"line":48,"column":38}}},"5":{"name":"(anonymous_5)","line":55,"loc":{"start":{"line":55,"column":24},"end":{"line":55,"column":40}}},"6":{"name":"(anonymous_6)","line":98,"loc":{"start":{"line":98,"column":25},"end":{"line":98,"column":37}}}},"statementMap":{"1":{"start":{"line":6,"column":0},"end":{"line":6,"column":50}},"2":{"start":{"line":7,"column":0},"end":{"line":7,"column":35}},"3":{"start":{"line":9,"column":0},"end":{"line":13,"column":1}},"4":{"start":{"line":10,"column":4},"end":{"line":10,"column":28}},"5":{"start":{"line":11,"column":4},"end":{"line":11,"column":27}},"6":{"start":{"line":12,"column":4},"end":{"line":12,"column":28}},"7":{"start":{"line":14,"column":0},"end":{"line":14,"column":36}},"8":{"start":{"line":16,"column":0},"end":{"line":16,"column":78}},"9":{"start":{"line":16,"column":56},"end":{"line":16,"column":74}},"10":{"start":{"line":18,"column":0},"end":{"line":18,"column":24}},"11":{"start":{"line":27,"column":0},"end":{"line":42,"column":1}},"12":{"start":{"line":28,"column":4},"end":{"line":34,"column":7}},"13":{"start":{"line":36,"column":4},"end":{"line":36,"column":41}},"14":{"start":{"line":37,"column":4},"end":{"line":37,"column":30}},"15":{"start":{"line":38,"column":4},"end":{"line":38,"column":30}},"16":{"start":{"line":39,"column":4},"end":{"line":39,"column":22}},"17":{"start":{"line":41,"column":4},"end":{"line":41,"column":15}},"18":{"start":{"line":48,"column":0},"end":{"line":53,"column":1}},"19":{"start":{"line":49,"column":4},"end":{"line":49,"column":34}},"20":{"start":{"line":50,"column":4},"end":{"line":50,"column":34}},"21":{"start":{"line":51,"column":4},"end":{"line":51,"column":27}},"22":{"start":{"line":52,"column":4},"end":{"line":52,"column":27}},"23":{"start":{"line":55,"column":0},"end":{"line":93,"column":1}},"24":{"start":{"line":56,"column":4},"end":{"line":56,"column":25}},"25":{"start":{"line":57,"column":4},"end":{"line":63,"column":5}},"26":{"start":{"line":58,"column":8},"end":{"line":58,"column":63}},"27":{"start":{"line":59,"column":8},"end":{"line":59,"column":33}},"28":{"start":{"line":60,"column":8},"end":{"line":60,"column":43}},"29":{"start":{"line":61,"column":8},"end":{"line":61,"column":31}},"30":{"start":{"line":62,"column":8},"end":{"line":62,"column":25}},"31":{"start":{"line":65,"column":4},"end":{"line":87,"column":5}},"32":{"start":{"line":66,"column":8},"end":{"line":68,"column":9}},"33":{"start":{"line":67,"column":12},"end":{"line":67,"column":18}},"34":{"start":{"line":69,"column":8},"end":{"line":69,"column":49}},"35":{"start":{"line":70,"column":8},"end":{"line":72,"column":9}},"36":{"start":{"line":71,"column":12},"end":{"line":71,"column":18}},"37":{"start":{"line":74,"column":8},"end":{"line":74,"column":84}},"38":{"start":{"line":75,"column":8},"end":{"line":75,"column":48}},"39":{"start":{"line":76,"column":8},"end":{"line":76,"column":32}},"40":{"start":{"line":77,"column":8},"end":{"line":77,"column":33}},"41":{"start":{"line":78,"column":8},"end":{"line":78,"column":47}},"42":{"start":{"line":79,"column":8},"end":{"line":83,"column":10}},"43":{"start":{"line":85,"column":8},"end":{"line":85,"column":38}},"44":{"start":{"line":86,"column":8},"end":{"line":86,"column":22}},"45":{"start":{"line":89,"column":4},"end":{"line":92,"column":5}},"46":{"start":{"line":90,"column":8},"end":{"line":90,"column":56}},"47":{"start":{"line":91,"column":8},"end":{"line":91,"column":43}},"48":{"start":{"line":98,"column":0},"end":{"line":101,"column":1}},"49":{"start":{"line":99,"column":4},"end":{"line":99,"column":22}},"50":{"start":{"line":100,"column":4},"end":{"line":100,"column":27}}},"branchMap":{"1":{"line":57,"type":"if","locations":[{"start":{"line":57,"column":4},"end":{"line":57,"column":4}},{"start":{"line":57,"column":4},"end":{"line":57,"column":4}}]},"2":{"line":66,"type":"if","locations":[{"start":{"line":66,"column":8},"end":{"line":66,"column":8}},{"start":{"line":66,"column":8},"end":{"line":66,"column":8}}]},"3":{"line":70,"type":"if","locations":[{"start":{"line":70,"column":8},"end":{"line":70,"column":8}},{"start":{"line":70,"column":8},"end":{"line":70,"column":8}}]},"4":{"line":89,"type":"if","locations":[{"start":{"line":89,"column":4},"end":{"line":89,"column":4}},{"start":{"line":89,"column":4},"end":{"line":89,"column":4}}]}}}}