TN:
SF:/Users/czzou/work/tars_node/rpc/protal.js
FNF:0
FNH:0
DA:4,1
DA:6,1
DA:7,1
DA:8,1
DA:9,1
DA:10,1
DA:11,1
DA:12,1
DA:13,1
LF:9
LH:9
BRF:0
BRH:0
end_of_record
TN:
SF:/Users/czzou/work/tars_node/rpc/core/client/Communicator.js
FN:11,(anonymous_1)
FN:20,(anonymous_2)
FN:22,(anonymous_3)
FN:25,(anonymous_4)
FN:38,(anonymous_5)
FN:39,(anonymous_6)
FN:42,(anonymous_7)
FN:68,(anonymous_8)
FN:89,(anonymous_9)
FN:97,(anonymous_10)
FN:102,(anonymous_11)
FN:130,(anonymous_12)
FN:151,(anonymous_13)
FN:153,(anonymous_14)
FN:154,(anonymous_15)
FN:170,(anonymous_16)
FN:172,updateLocator
FN:185,(anonymous_18)
FN:190,(anonymous_19)
FNF:19
FNH:13
FNDA:12,(anonymous_1)
FNDA:10,(anonymous_2)
FNDA:0,(anonymous_3)
FNDA:12,(anonymous_4)
FNDA:4,(anonymous_5)
FNDA:27,(anonymous_6)
FNDA:12,(anonymous_7)
FNDA:12,(anonymous_8)
FNDA:11,(anonymous_9)
FNDA:0,(anonymous_10)
FNDA:4,(anonymous_11)
FNDA:12,(anonymous_12)
FNDA:12,(anonymous_13)
FNDA:1,(anonymous_14)
FNDA:1,(anonymous_15)
FNDA:0,(anonymous_16)
FNDA:0,updateLocator
FNDA:0,(anonymous_18)
FNDA:0,(anonymous_19)
DA:4,1
DA:5,1
DA:6,1
DA:7,1
DA:8,1
DA:11,1
DA:12,12
DA:13,12
DA:14,12
DA:15,12
DA:16,12
DA:18,1
DA:20,10
DA:22,1
DA:25,1
DA:26,12
DA:30,1
DA:38,4
DA:39,27
DA:42,1
DA:43,12
DA:44,12
DA:47,0
DA:49,0
DA:52,0
DA:53,0
DA:55,0
DA:57,0
DA:58,0
DA:59,0
DA:61,0
DA:62,0
DA:63,0
DA:64,0
DA:68,1
DA:69,12
DA:70,12
DA:73,12
DA:74,12
DA:76,12
DA:77,12
DA:80,12
DA:81,12
DA:82,12
DA:83,12
DA:85,12
DA:89,1
DA:90,11
DA:91,11
DA:93,11
DA:97,1
DA:98,0
DA:102,1
DA:103,4
DA:104,0
DA:105,0
DA:108,0
DA:109,0
DA:110,0
DA:111,0
DA:112,0
DA:116,0
DA:117,0
DA:118,0
DA:120,0
DA:121,0
DA:124,0
DA:130,1
DA:131,12
DA:132,12
DA:133,1
DA:136,11
DA:137,11
DA:138,11
DA:139,11
DA:141,0
DA:143,11
DA:145,11
DA:147,11
DA:151,1
DA:152,12
DA:154,1
DA:155,1
DA:156,1
DA:157,1
DA:158,1
DA:161,1
DA:164,1
DA:170,1
DA:171,0
DA:172,1
DA:174,0
DA:175,0
DA:176,0
DA:177,0
DA:181,0
DA:183,0
DA:184,0
DA:185,0
DA:186,0
DA:190,0
DA:191,0
DA:192,0
LF:103
LH:63
BRDA:39,1,0,8
BRDA:39,1,1,19
BRDA:43,2,0,12
BRDA:43,2,1,0
BRDA:43,3,0,12
BRDA:43,3,1,12
BRDA:43,3,2,12
BRDA:53,4,0,0
BRDA:53,4,1,0
BRDA:61,5,0,0
BRDA:61,5,1,0
BRDA:62,6,0,0
BRDA:62,6,1,0
BRDA:63,7,0,0
BRDA:63,7,1,0
BRDA:64,8,0,0
BRDA:64,8,1,0
BRDA:69,9,0,12
BRDA:69,9,1,12
BRDA:74,10,0,12
BRDA:74,10,1,4
BRDA:74,10,2,4
BRDA:82,11,0,1
BRDA:82,11,1,11
BRDA:103,12,0,0
BRDA:103,12,1,4
BRDA:103,13,0,4
BRDA:103,13,1,4
BRDA:109,14,0,0
BRDA:109,14,1,0
BRDA:109,15,0,0
BRDA:109,15,1,0
BRDA:109,15,2,0
BRDA:116,16,0,0
BRDA:116,16,1,0
BRDA:120,17,0,0
BRDA:120,17,1,0
BRDA:131,18,0,0
BRDA:131,18,1,12
BRDA:132,19,0,1
BRDA:132,19,1,11
BRDA:139,20,0,0
BRDA:139,20,1,11
BRDA:181,21,0,0
BRDA:181,21,1,0
BRDA:191,22,0,0
BRDA:191,22,1,0
BRDA:191,23,0,0
BRDA:191,23,1,0
BRF:49
BRH:20
end_of_record
TN:
SF:/Users/czzou/work/tars_node/rpc/core/client/ObjectProxy.js
FN:13,(anonymous_1)
FN:25,(anonymous_2)
FN:43,(anonymous_3)
FN:44,(anonymous_4)
FN:46,(anonymous_5)
FN:47,(anonymous_6)
FN:49,(anonymous_7)
FN:50,(anonymous_8)
FN:52,(anonymous_9)
FN:53,(anonymous_10)
FN:55,(anonymous_11)
FN:56,(anonymous_12)
FN:59,(anonymous_13)
FN:70,(anonymous_14)
FN:74,(anonymous_15)
FN:78,(anonymous_16)
FN:82,(anonymous_17)
FN:88,(anonymous_18)
FN:91,(anonymous_19)
FN:106,(anonymous_20)
FN:113,(anonymous_21)
FN:118,(anonymous_22)
FN:136,(anonymous_23)
FN:174,(anonymous_24)
FN:182,(anonymous_25)
FN:190,(anonymous_26)
FN:204,(anonymous_27)
FNF:27
FNH:17
FNDA:11,(anonymous_1)
FNDA:11,(anonymous_2)
FNDA:11,(anonymous_3)
FNDA:0,(anonymous_4)
FNDA:22,(anonymous_5)
FNDA:1,(anonymous_6)
FNDA:15,(anonymous_7)
FNDA:0,(anonymous_8)
FNDA:1,(anonymous_9)
FNDA:0,(anonymous_10)
FNDA:1,(anonymous_11)
FNDA:0,(anonymous_12)
FNDA:11,(anonymous_13)
FNDA:2,(anonymous_14)
FNDA:11,(anonymous_15)
FNDA:0,(anonymous_16)
FNDA:0,(anonymous_17)
FNDA:28,(anonymous_18)
FNDA:3,(anonymous_19)
FNDA:0,(anonymous_20)
FNDA:0,(anonymous_21)
FNDA:12,(anonymous_22)
FNDA:10,(anonymous_23)
FNDA:1,(anonymous_24)
FNDA:0,(anonymous_25)
FNDA:0,(anonymous_26)
FNDA:11,(anonymous_27)
DA:4,1
DA:5,1
DA:6,1
DA:7,1
DA:8,1
DA:9,1
DA:10,1
DA:11,1
DA:13,1
DA:15,11
DA:16,11
DA:17,11
DA:18,11
DA:19,11
DA:20,11
DA:21,11
DA:25,1
DA:26,11
DA:27,11
DA:28,11
DA:29,11
DA:30,11
DA:31,11
DA:32,11
DA:33,11
DA:34,11
DA:35,11
DA:36,11
DA:37,11
DA:38,11
DA:40,1
DA:43,11
DA:44,1
DA:46,22
DA:47,1
DA:49,15
DA:50,1
DA:52,1
DA:53,1
DA:55,1
DA:56,1
DA:59,1
DA:60,11
DA:61,11
DA:62,11
DA:63,11
DA:65,11
DA:66,11
DA:67,11
DA:70,1
DA:71,2
DA:74,1
DA:75,11
DA:78,1
DA:79,0
DA:82,1
DA:83,0
DA:84,0
DA:88,1
DA:89,28
DA:91,28
DA:92,3
DA:94,3
DA:96,3
DA:97,3
DA:99,0
DA:106,1
DA:107,0
DA:109,0
DA:110,0
DA:113,1
DA:114,0
DA:115,0
DA:118,1
DA:119,12
DA:120,12
DA:121,10
DA:123,2
DA:125,2
DA:127,2
DA:129,2
DA:133,12
DA:136,1
DA:138,10
DA:139,10
DA:140,7
DA:141,0
DA:143,7
DA:144,1
DA:146,7
DA:147,1
DA:149,7
DA:150,2
DA:152,7
DA:153,2
DA:155,7
DA:156,1
DA:161,10
DA:162,10
DA:163,10
DA:164,10
DA:165,10
DA:166,10
DA:167,10
DA:168,10
DA:169,10
DA:170,10
DA:171,10
DA:172,10
DA:174,1
DA:175,1
DA:176,1
DA:178,1
DA:179,1
DA:180,1
DA:182,1
DA:183,0
DA:185,0
DA:186,0
DA:187,0
DA:189,0
DA:190,0
DA:191,0
DA:192,0
DA:193,0
DA:196,0
DA:197,0
DA:199,0
DA:201,0
DA:204,1
DA:205,11
LF:131
LH:108
BRDA:60,1,0,11
BRDA:60,1,1,0
BRDA:61,2,0,0
BRDA:61,2,1,11
BRDA:62,3,0,0
BRDA:62,3,1,11
BRDA:63,4,0,11
BRDA:63,4,1,11
BRDA:83,5,0,0
BRDA:83,5,1,0
BRDA:96,6,0,3
BRDA:96,6,1,0
BRDA:120,7,0,10
BRDA:120,7,1,2
BRDA:125,8,0,2
BRDA:125,8,1,0
BRDA:127,9,0,2
BRDA:127,9,1,0
BRDA:127,10,0,2
BRDA:127,10,1,0
BRDA:139,11,0,7
BRDA:139,11,1,3
BRDA:139,12,0,10
BRDA:139,12,1,7
BRDA:140,13,0,0
BRDA:140,13,1,7
BRDA:143,14,0,1
BRDA:143,14,1,6
BRDA:146,15,0,1
BRDA:146,15,1,6
BRDA:149,16,0,2
BRDA:149,16,1,5
BRDA:152,17,0,2
BRDA:152,17,1,5
BRDA:155,18,0,1
BRDA:155,18,1,6
BRDA:175,19,0,1
BRDA:175,19,1,0
BRDA:175,20,0,1
BRDA:175,20,1,1
BRDA:185,21,0,0
BRDA:185,21,1,0
BRDA:189,22,0,0
BRDA:189,22,1,0
BRDA:191,23,0,0
BRDA:191,23,1,0
BRDA:191,24,0,0
BRDA:191,24,1,0
BRDA:191,24,2,0
BRDA:192,25,0,0
BRDA:192,25,1,0
BRDA:192,26,0,0
BRDA:192,26,1,0
BRDA:196,27,0,0
BRDA:196,27,1,0
BRF:55
BRH:29
end_of_record
TN:
SF:/Users/czzou/work/tars_node/rpc/core/rpc-tars/index.js
FNF:0
FNH:0
DA:1,1
DA:2,1
LF:2
LH:2
BRF:0
BRH:0
end_of_record
TN:
SF:/Users/czzou/work/tars_node/rpc/core/rpc-tars/tars-client.js
FN:10,(anonymous_1)
FN:19,(anonymous_2)
FN:30,(anonymous_3)
FN:77,(anonymous_4)
FN:84,(anonymous_5)
FN:148,(anonymous_6)
FNF:6
FNH:4
FNDA:9,(anonymous_1)
FNDA:0,(anonymous_2)
FNDA:10,(anonymous_3)
FNDA:9,(anonymous_4)
FNDA:7,(anonymous_5)
FNDA:0,(anonymous_6)
DA:4,1
DA:5,1
DA:6,1
DA:7,1
DA:8,1
DA:10,1
DA:11,9
DA:12,9
DA:13,9
DA:14,9
DA:15,9
DA:17,1
DA:19,1
DA:21,1
DA:30,1
DA:31,10
DA:32,10
DA:33,10
DA:35,10
DA:36,10
DA:37,1
DA:39,10
DA:40,1
DA:44,10
DA:45,10
DA:46,10
DA:47,10
DA:48,10
DA:49,10
DA:50,10
DA:51,10
DA:52,10
DA:55,10
DA:56,0
DA:57,0
DA:59,10
DA:60,1
DA:61,1
DA:66,10
DA:67,10
DA:68,10
DA:69,10
DA:71,10
DA:77,1
DA:78,9
DA:79,9
DA:80,9
DA:81,9
DA:84,1
DA:85,7
DA:86,0
DA:88,7
DA:90,7
DA:92,7
DA:93,7
DA:95,7
DA:96,7
DA:97,7
DA:99,9
DA:100,9
DA:101,9
DA:102,1
DA:103,1
DA:104,1
DA:105,1
DA:106,1
DA:108,1
DA:109,1
DA:110,1
DA:111,1
DA:112,1
DA:113,1
DA:115,8
DA:116,8
DA:117,8
DA:118,8
DA:122,9
DA:123,9
DA:126,9
DA:127,7
DA:129,2
DA:130,2
DA:131,0
DA:135,7
DA:136,0
DA:137,0
DA:138,0
DA:139,0
DA:141,7
DA:142,7
DA:148,1
DA:149,0
DA:150,0
DA:151,0
LF:94
LH:83
BRDA:33,1,0,10
BRDA:33,1,1,0
BRDA:33,2,0,10
BRDA:33,2,1,10
BRDA:36,3,0,1
BRDA:36,3,1,9
BRDA:36,4,0,10
BRDA:36,4,1,10
BRDA:36,4,2,1
BRDA:39,5,0,1
BRDA:39,5,1,9
BRDA:39,6,0,10
BRDA:39,6,1,1
BRDA:39,6,2,1
BRDA:48,7,0,10
BRDA:48,7,1,0
BRDA:55,8,0,0
BRDA:55,8,1,10
BRDA:55,9,0,10
BRDA:55,9,1,10
BRDA:55,9,2,0
BRDA:57,10,0,0
BRDA:57,10,1,0
BRDA:59,11,0,1
BRDA:59,11,1,9
BRDA:59,12,0,10
BRDA:59,12,1,10
BRDA:61,13,0,1
BRDA:61,13,1,0
BRDA:85,14,0,0
BRDA:85,14,1,7
BRDA:85,15,0,7
BRDA:85,15,1,7
BRDA:92,16,0,7
BRDA:92,16,1,0
BRDA:95,17,0,7
BRDA:95,17,1,0
BRDA:101,18,0,1
BRDA:101,18,1,8
BRDA:101,19,0,9
BRDA:101,19,1,9
BRDA:109,20,0,0
BRDA:109,20,1,1
BRDA:126,21,0,7
BRDA:126,21,1,2
BRDA:130,22,0,0
BRDA:130,22,1,2
BRDA:135,23,0,0
BRDA:135,23,1,7
BRF:49
BRH:36
end_of_record
TN:
SF:/Users/czzou/work/tars_node/rpc/core/rpc-tars/RequestF.js
FN:7,(anonymous_1)
FN:21,(anonymous_2)
FN:22,(anonymous_3)
FN:23,(anonymous_4)
FN:37,(anonymous_5)
FN:49,(anonymous_6)
FN:52,(anonymous_7)
FN:58,(anonymous_8)
FN:72,(anonymous_9)
FN:84,(anonymous_10)
FN:89,(anonymous_11)
FN:92,(anonymous_12)
FN:96,(anonymous_13)
FN:109,(anonymous_14)
FN:110,(anonymous_15)
FN:111,(anonymous_16)
FN:124,(anonymous_17)
FN:135,(anonymous_18)
FN:138,(anonymous_19)
FN:144,(anonymous_20)
FN:157,(anonymous_21)
FN:168,(anonymous_22)
FN:173,(anonymous_23)
FN:176,(anonymous_24)
FNF:24
FNH:6
FNDA:25,(anonymous_1)
FNDA:0,(anonymous_2)
FNDA:0,(anonymous_3)
FNDA:14,(anonymous_4)
FNDA:11,(anonymous_5)
FNDA:0,(anonymous_6)
FNDA:0,(anonymous_7)
FNDA:0,(anonymous_8)
FNDA:0,(anonymous_9)
FNDA:0,(anonymous_10)
FNDA:0,(anonymous_11)
FNDA:0,(anonymous_12)
FNDA:19,(anonymous_13)
FNDA:0,(anonymous_14)
FNDA:0,(anonymous_15)
FNDA:8,(anonymous_16)
FNDA:11,(anonymous_17)
FNDA:0,(anonymous_18)
FNDA:0,(anonymous_19)
FNDA:0,(anonymous_20)
FNDA:0,(anonymous_21)
FNDA:0,(anonymous_22)
FNDA:0,(anonymous_23)
FNDA:0,(anonymous_24)
DA:1,1
DA:2,1
DA:4,1
DA:5,1
DA:7,1
DA:8,25
DA:9,25
DA:10,25
DA:11,25
DA:12,25
DA:13,25
DA:14,25
DA:15,25
DA:16,25
DA:17,25
DA:18,25
DA:20,1
DA:21,1
DA:22,1
DA:23,1
DA:24,14
DA:25,14
DA:26,14
DA:27,14
DA:28,14
DA:29,14
DA:30,14
DA:31,14
DA:32,14
DA:33,14
DA:34,14
DA:35,14
DA:37,1
DA:38,11
DA:39,11
DA:40,11
DA:41,11
DA:42,11
DA:43,11
DA:44,11
DA:45,11
DA:46,11
DA:47,11
DA:49,1
DA:50,0
DA:52,1
DA:53,0
DA:54,0
DA:56,0
DA:58,1
DA:59,0
DA:72,1
DA:73,0
DA:74,0
DA:75,0
DA:76,0
DA:77,0
DA:78,0
DA:79,0
DA:80,0
DA:81,0
DA:82,0
DA:84,1
DA:85,0
DA:86,0
DA:87,0
DA:89,1
DA:90,0
DA:92,1
DA:93,0
DA:96,1
DA:97,19
DA:98,19
DA:99,19
DA:100,19
DA:101,19
DA:102,19
DA:103,19
DA:104,19
DA:105,19
DA:106,19
DA:108,1
DA:109,1
DA:110,1
DA:111,1
DA:112,8
DA:113,8
DA:114,8
DA:115,8
DA:116,8
DA:117,8
DA:118,8
DA:119,8
DA:120,8
DA:121,8
DA:122,8
DA:124,1
DA:125,11
DA:126,11
DA:127,11
DA:128,11
DA:129,11
DA:130,11
DA:131,11
DA:132,11
DA:133,11
DA:135,1
DA:136,0
DA:138,1
DA:139,0
DA:140,0
DA:142,0
DA:144,1
DA:145,0
DA:157,1
DA:158,0
DA:159,0
DA:160,0
DA:161,0
DA:162,0
DA:163,0
DA:164,0
DA:165,0
DA:166,0
DA:168,1
DA:169,0
DA:170,0
DA:171,0
DA:173,1
DA:174,0
DA:176,1
DA:177,0
LF:132
LH:93
BRDA:4,1,0,1
BRDA:4,1,1,1
BRDA:53,2,0,0
BRDA:53,2,1,0
BRDA:73,3,0,0
BRDA:73,3,1,0
BRDA:74,4,0,0
BRDA:74,4,1,0
BRDA:75,5,0,0
BRDA:75,5,1,0
BRDA:76,6,0,0
BRDA:76,6,1,0
BRDA:77,7,0,0
BRDA:77,7,1,0
BRDA:78,8,0,0
BRDA:78,8,1,0
BRDA:79,9,0,0
BRDA:79,9,1,0
BRDA:80,10,0,0
BRDA:80,10,1,0
BRDA:81,11,0,0
BRDA:81,11,1,0
BRDA:82,12,0,0
BRDA:82,12,1,0
BRDA:139,13,0,0
BRDA:139,13,1,0
BRDA:158,14,0,0
BRDA:158,14,1,0
BRDA:159,15,0,0
BRDA:159,15,1,0
BRDA:160,16,0,0
BRDA:160,16,1,0
BRDA:161,17,0,0
BRDA:161,17,1,0
BRDA:162,18,0,0
BRDA:162,18,1,0
BRDA:163,19,0,0
BRDA:163,19,1,0
BRDA:164,20,0,0
BRDA:164,20,1,0
BRDA:165,21,0,0
BRDA:165,21,1,0
BRDA:166,22,0,0
BRDA:166,22,1,0
BRF:44
BRH:2
end_of_record
TN:
SF:/Users/czzou/work/tars_node/rpc/core/rpc-tars/CreateNodeBuffer.js
FN:4,(anonymous_1)
FN:6,(anonymous_2)
FN:10,(anonymous_3)
FNF:3
FNH:1
FNDA:1,(anonymous_1)
FNDA:0,(anonymous_2)
FNDA:0,(anonymous_3)
DA:4,1
DA:5,1
DA:6,1
DA:7,0
DA:10,0
DA:11,0
DA:16,1
LF:7
LH:4
BRDA:5,1,0,1
BRDA:5,1,1,0
BRF:2
BRH:1
end_of_record
TN:
SF:/Users/czzou/work/tars_node/rpc/core/rpc-tars/tars-server.js
FN:10,(anonymous_1)
FN:18,(anonymous_2)
FN:27,(anonymous_3)
FN:31,(anonymous_4)
FN:57,(anonymous_5)
FN:94,(anonymous_6)
FN:101,(anonymous_7)
FN:158,(anonymous_8)
FNF:8
FNH:6
FNDA:12,(anonymous_1)
FNDA:0,(anonymous_2)
FNDA:12,(anonymous_3)
FNDA:11,(anonymous_4)
FNDA:1,(anonymous_5)
FNDA:13,(anonymous_6)
FNDA:11,(anonymous_7)
FNDA:0,(anonymous_8)
DA:4,1
DA:5,1
DA:6,1
DA:7,1
DA:8,1
DA:10,1
DA:11,12
DA:13,12
DA:14,12
DA:15,12
DA:17,1
DA:18,1
DA:20,1
DA:27,1
DA:28,12
DA:31,1
DA:33,11
DA:34,11
DA:35,11
DA:36,11
DA:37,11
DA:38,11
DA:39,11
DA:40,11
DA:42,11
DA:43,11
DA:44,0
DA:49,11
DA:50,11
DA:51,11
DA:52,11
DA:54,11
DA:57,1
DA:59,1
DA:60,1
DA:61,1
DA:62,1
DA:63,1
DA:64,1
DA:65,1
DA:66,1
DA:68,1
DA:69,1
DA:71,1
DA:72,0
DA:73,0
DA:74,0
DA:78,1
DA:79,1
DA:80,1
DA:82,1
DA:83,1
DA:84,1
DA:86,1
DA:94,1
DA:95,13
DA:96,13
DA:97,13
DA:98,13
DA:101,1
DA:102,11
DA:103,0
DA:105,11
DA:107,11
DA:109,11
DA:110,11
DA:111,11
DA:112,11
DA:113,11
DA:116,13
DA:117,13
DA:118,13
DA:119,13
DA:120,13
DA:121,13
DA:123,0
DA:124,0
DA:125,0
DA:127,13
DA:130,13
DA:131,13
DA:133,13
DA:134,11
DA:136,2
DA:137,2
DA:138,0
DA:142,11
DA:143,0
DA:144,0
DA:145,0
DA:146,0
DA:148,11
DA:149,11
DA:158,1
DA:159,0
DA:160,0
DA:161,0
LF:97
LH:81
BRDA:28,1,0,1
BRDA:28,1,1,11
BRDA:28,2,0,12
BRDA:28,2,1,11
BRDA:34,3,0,11
BRDA:34,3,1,0
BRDA:38,4,0,11
BRDA:38,4,1,0
BRDA:42,5,0,11
BRDA:42,5,1,0
BRDA:42,6,0,11
BRDA:42,6,1,11
BRDA:71,7,0,0
BRDA:71,7,1,1
BRDA:71,8,0,1
BRDA:71,8,1,1
BRDA:102,9,0,0
BRDA:102,9,1,11
BRDA:102,10,0,11
BRDA:102,10,1,11
BRDA:109,11,0,11
BRDA:109,11,1,0
BRDA:111,12,0,11
BRDA:111,12,1,0
BRDA:133,13,0,11
BRDA:133,13,1,2
BRDA:137,14,0,0
BRDA:137,14,1,2
BRDA:142,15,0,0
BRDA:142,15,1,11
BRF:30
BRH:21
end_of_record
TN:
SF:/Users/czzou/work/tars_node/rpc/core/util/TarsError.js
FNF:0
FNH:0
DA:1,1
DA:21,1
LF:2
LH:2
BRF:0
BRH:0
end_of_record
TN:
SF:/Users/czzou/work/tars_node/rpc/core/util/RpcCallError.js
FN:3,RpcCallError
FNF:1
FNH:1
FNDA:1,RpcCallError
DA:1,1
DA:3,1
DA:4,1
DA:5,1
DA:6,1
DA:9,1
DA:10,1
LF:7
LH:7
BRF:0
BRH:0
end_of_record
TN:
SF:/Users/czzou/work/tars_node/rpc/core/util/TQueue.js
FN:1,(anonymous_1)
FN:7,(anonymous_2)
FN:10,(anonymous_3)
FN:18,(anonymous_4)
FN:24,(anonymous_5)
FN:33,(anonymous_6)
FN:38,(anonymous_7)
FNF:7
FNH:5
FNDA:41,(anonymous_1)
FNDA:0,(anonymous_2)
FNDA:53,(anonymous_3)
FNDA:26,(anonymous_4)
FNDA:26,(anonymous_5)
FNDA:0,(anonymous_6)
FNDA:15,(anonymous_7)
DA:1,1
DA:2,41
DA:4,1
DA:7,1
DA:10,1
DA:11,53
DA:12,15
DA:18,1
DA:19,26
DA:24,1
DA:25,26
DA:26,26
DA:27,26
DA:29,26
DA:33,1
DA:34,0
DA:38,1
DA:39,15
LF:18
LH:17
BRDA:12,1,0,0
BRDA:12,1,1,15
BRDA:26,2,0,26
BRDA:26,2,1,0
BRDA:26,3,0,26
BRDA:26,3,1,26
BRF:6
BRH:4
end_of_record
TN:
SF:/Users/czzou/work/tars_node/rpc/core/client/EndpointManager.js
FN:8,(anonymous_1)
FN:40,(anonymous_2)
FN:54,(anonymous_3)
FN:59,(anonymous_4)
FN:72,(anonymous_5)
FN:88,(anonymous_6)
FN:97,(anonymous_7)
FN:108,(anonymous_8)
FN:120,(anonymous_9)
FN:182,(anonymous_10)
FN:191,(anonymous_11)
FN:232,(anonymous_12)
FN:306,(anonymous_13)
FN:314,(anonymous_14)
FNF:14
FNH:13
FNDA:11,(anonymous_1)
FNDA:11,(anonymous_2)
FNDA:3,(anonymous_3)
FNDA:1,(anonymous_4)
FNDA:15,(anonymous_5)
FNDA:1,(anonymous_6)
FNDA:6,(anonymous_7)
FNDA:2,(anonymous_8)
FNDA:3,(anonymous_9)
FNDA:3,(anonymous_10)
FNDA:8,(anonymous_11)
FNDA:16,(anonymous_12)
FNDA:0,(anonymous_13)
FNDA:11,(anonymous_14)
DA:1,1
DA:2,1
DA:3,1
DA:4,1
DA:5,1
DA:8,1
DA:9,11
DA:10,11
DA:11,11
DA:12,11
DA:13,11
DA:14,11
DA:15,11
DA:16,11
DA:17,11
DA:18,11
DA:19,11
DA:20,11
DA:22,11
DA:23,11
DA:24,11
DA:25,11
DA:26,11
DA:27,11
DA:30,11
DA:31,0
DA:32,0
DA:35,11
DA:37,1
DA:40,1
DA:41,11
DA:42,11
DA:43,4
DA:46,7
DA:47,7
DA:48,7
DA:49,7
DA:50,9
DA:54,1
DA:56,3
DA:59,1
DA:61,1
DA:62,1
DA:63,1
DA:64,2
DA:65,2
DA:66,2
DA:67,2
DA:68,2
DA:72,1
DA:73,15
DA:74,15
DA:75,15
DA:76,15
DA:78,15
DA:80,15
DA:81,0
DA:82,0
DA:83,0
DA:85,15
DA:88,1
DA:89,1
DA:90,1
DA:92,1
DA:93,1
DA:97,1
DA:98,6
DA:99,3
DA:100,3
DA:101,0
DA:105,6
DA:108,1
DA:109,2
DA:110,2
DA:111,2
DA:112,2
DA:116,0
DA:120,1
DA:121,3
DA:122,0
DA:123,0
DA:125,3
DA:126,3
DA:130,3
DA:131,0
DA:132,0
DA:133,0
DA:135,3
DA:139,3
DA:140,3
DA:141,3
DA:142,6
DA:143,6
DA:144,6
DA:145,6
DA:146,6
DA:147,6
DA:148,6
DA:150,6
DA:151,6
DA:152,6
DA:154,6
DA:157,3
DA:158,6
DA:159,6
DA:162,6
DA:163,9
DA:164,6
DA:165,6
DA:170,6
DA:171,0
DA:172,0
DA:174,0
DA:175,0
DA:177,0
DA:181,3
DA:182,3
DA:183,3
DA:187,3
DA:191,1
DA:192,8
DA:195,8
DA:196,0
DA:198,8
DA:199,0
DA:200,0
DA:202,8
DA:203,4
DA:207,4
DA:208,4
DA:209,4
DA:210,4
DA:212,4
DA:213,4
DA:216,0
DA:218,0
DA:219,0
DA:220,0
DA:224,4
DA:225,0
DA:227,4
DA:232,1
DA:235,16
DA:238,16
DA:241,14
DA:242,14
DA:243,14
DA:244,14
DA:245,14
DA:247,14
DA:248,4
DA:250,2
DA:252,2
DA:253,2
DA:254,2
DA:255,2
DA:256,2
DA:257,0
DA:258,0
DA:260,2
DA:261,2
DA:263,0
DA:264,0
DA:266,0
DA:269,2
DA:270,2
DA:271,2
DA:272,2
DA:273,2
DA:274,2
DA:276,0
DA:278,0
DA:279,0
DA:280,0
DA:283,0
DA:284,0
DA:285,0
DA:286,0
DA:287,0
DA:291,10
DA:292,10
DA:293,10
DA:294,10
DA:299,0
DA:300,0
DA:303,0
DA:306,1
DA:307,0
DA:308,0
DA:309,0
DA:314,1
DA:315,11
DA:316,15
LF:193
LH:148
BRDA:9,1,0,11
BRDA:9,1,1,0
BRDA:30,2,0,0
BRDA:30,2,1,11
BRDA:32,3,0,0
BRDA:32,3,1,0
BRDA:42,4,0,4
BRDA:42,4,1,7
BRDA:56,5,0,3
BRDA:56,5,1,0
BRDA:80,6,0,0
BRDA:80,6,1,15
BRDA:89,7,0,1
BRDA:89,7,1,0
BRDA:89,8,0,1
BRDA:89,8,1,1
BRDA:89,8,2,1
BRDA:100,9,0,0
BRDA:100,9,1,3
BRDA:100,10,0,3
BRDA:100,10,1,3
BRDA:100,10,2,3
BRDA:111,11,0,2
BRDA:111,11,1,0
BRDA:111,12,0,2
BRDA:111,12,1,2
BRDA:121,13,0,0
BRDA:121,13,1,3
BRDA:130,14,0,0
BRDA:130,14,1,3
BRDA:143,15,0,6
BRDA:143,15,1,0
BRDA:146,16,0,6
BRDA:146,16,1,0
BRDA:147,17,0,6
BRDA:147,17,1,6
BRDA:148,18,0,6
BRDA:148,18,1,6
BRDA:150,19,0,6
BRDA:150,19,1,0
BRDA:163,20,0,6
BRDA:163,20,1,3
BRDA:163,21,0,9
BRDA:163,21,1,9
BRDA:163,21,2,9
BRDA:170,22,0,0
BRDA:170,22,1,6
BRDA:174,23,0,0
BRDA:174,23,1,0
BRDA:181,24,0,3
BRDA:181,24,1,0
BRDA:195,25,0,0
BRDA:195,25,1,8
BRDA:198,26,0,0
BRDA:198,26,1,8
BRDA:198,27,0,8
BRDA:198,27,1,1
BRDA:202,28,0,4
BRDA:202,28,1,4
BRDA:202,29,0,8
BRDA:202,29,1,7
BRDA:210,30,0,4
BRDA:210,30,1,0
BRDA:216,31,0,0
BRDA:216,31,1,0
BRDA:224,32,0,0
BRDA:224,32,1,4
BRDA:224,33,0,4
BRDA:224,33,1,4
BRDA:225,34,0,0
BRDA:225,34,1,0
BRDA:235,35,0,16
BRDA:235,35,1,5
BRDA:238,36,0,2
BRDA:238,36,1,14
BRDA:238,37,0,16
BRDA:238,37,1,16
BRDA:244,38,0,14
BRDA:244,38,1,12
BRDA:244,38,2,2
BRDA:247,39,0,4
BRDA:247,39,1,10
BRDA:248,40,0,2
BRDA:248,40,1,2
BRDA:250,41,0,1
BRDA:250,41,1,1
BRDA:256,42,0,0
BRDA:256,42,1,2
BRDA:260,43,0,2
BRDA:260,43,1,0
BRDA:264,44,0,0
BRDA:264,44,1,0
BRDA:273,45,0,2
BRDA:273,45,1,0
BRDA:293,46,0,10
BRDA:293,46,1,0
BRDA:308,47,0,0
BRDA:308,47,1,0
BRF:98
BRH:64
end_of_record
TN:
SF:/Users/czzou/work/tars_node/rpc/core/client/AdapterProxy.js
FN:30,(anonymous_1)
FN:51,(anonymous_2)
FN:52,(anonymous_3)
FN:54,(anonymous_4)
FN:55,(anonymous_5)
FN:57,(anonymous_6)
FN:62,(anonymous_7)
FN:68,(anonymous_8)
FN:79,(anonymous_9)
FN:95,(anonymous_10)
FN:99,(anonymous_11)
FN:106,(anonymous_12)
FN:112,(anonymous_13)
FN:120,(anonymous_14)
FN:124,(anonymous_15)
FN:126,(anonymous_16)
FN:134,(anonymous_17)
FN:151,(anonymous_18)
FN:164,(anonymous_19)
FN:167,(anonymous_20)
FN:188,(anonymous_21)
FN:195,(anonymous_22)
FN:201,(anonymous_23)
FN:222,(anonymous_24)
FN:225,(anonymous_25)
FN:230,(anonymous_26)
FN:231,(anonymous_27)
FN:236,(anonymous_28)
FN:237,(anonymous_29)
FN:245,(anonymous_30)
FN:275,(anonymous_31)
FN:327,(anonymous_32)
FNF:32
FNH:25
FNDA:15,(anonymous_1)
FNDA:15,(anonymous_2)
FNDA:15,(anonymous_3)
FNDA:8,(anonymous_4)
FNDA:15,(anonymous_5)
FNDA:0,(anonymous_6)
FNDA:0,(anonymous_7)
FNDA:15,(anonymous_8)
FNDA:24,(anonymous_9)
FNDA:15,(anonymous_10)
FNDA:0,(anonymous_11)
FNDA:1,(anonymous_12)
FNDA:15,(anonymous_13)
FNDA:15,(anonymous_14)
FNDA:15,(anonymous_15)
FNDA:15,(anonymous_16)
FNDA:11,(anonymous_17)
FNDA:0,(anonymous_18)
FNDA:10,(anonymous_19)
FNDA:11,(anonymous_20)
FNDA:1,(anonymous_21)
FNDA:0,(anonymous_22)
FNDA:13,(anonymous_23)
FNDA:0,(anonymous_24)
FNDA:0,(anonymous_25)
FNDA:24,(anonymous_26)
FNDA:24,(anonymous_27)
FNDA:10,(anonymous_28)
FNDA:10,(anonymous_29)
FNDA:14,(anonymous_30)
FNDA:12,(anonymous_31)
FNDA:12,(anonymous_32)
DA:4,1
DA:5,1
DA:6,1
DA:7,1
DA:8,1
DA:9,1
DA:10,1
DA:11,1
DA:30,1
DA:31,15
DA:32,15
DA:33,15
DA:34,15
DA:36,15
DA:37,15
DA:39,15
DA:40,15
DA:41,15
DA:42,15
DA:43,15
DA:44,15
DA:45,15
DA:46,15
DA:48,1
DA:51,15
DA:52,15
DA:54,8
DA:55,15
DA:57,1
DA:59,0
DA:62,1
DA:64,0
DA:68,1
DA:69,15
DA:70,15
DA:71,15
DA:72,15
DA:74,0
DA:79,1
DA:80,24
DA:81,24
DA:82,24
DA:83,24
DA:84,24
DA:85,24
DA:86,12
DA:88,12
DA:90,12
DA:95,1
DA:96,15
DA:97,15
DA:98,15
DA:99,0
DA:100,0
DA:101,0
DA:102,0
DA:103,0
DA:106,15
DA:107,1
DA:108,1
DA:109,1
DA:110,1
DA:112,15
DA:113,15
DA:120,1
DA:121,15
DA:122,15
DA:124,15
DA:125,15
DA:126,15
DA:127,15
DA:129,15
DA:134,1
DA:135,11
DA:137,11
DA:138,0
DA:140,11
DA:141,11
DA:143,11
DA:144,11
DA:146,0
DA:151,1
DA:153,0
DA:154,0
DA:156,0
DA:157,0
DA:159,0
DA:164,1
DA:166,10
DA:167,10
DA:168,11
DA:169,11
DA:170,11
DA:171,11
DA:173,11
DA:174,1
DA:177,10
DA:180,0
DA:185,10
DA:188,1
DA:189,1
DA:191,1
DA:192,1
DA:195,1
DA:196,0
DA:197,0
DA:198,0
DA:201,1
DA:202,13
DA:203,13
DA:204,13
DA:205,13
DA:207,1
DA:208,1
DA:210,0
DA:214,1
DA:217,12
DA:222,1
DA:223,0
DA:224,0
DA:225,0
DA:226,0
DA:230,1
DA:231,24
DA:232,24
DA:236,1
DA:237,10
DA:238,10
DA:239,10
DA:245,1
DA:246,14
DA:247,4
DA:250,10
DA:253,10
DA:254,0
DA:255,0
DA:256,0
DA:259,10
DA:260,0
DA:264,10
DA:266,10
DA:267,0
DA:271,10
DA:275,1
DA:276,12
DA:279,12
DA:280,0
DA:281,0
DA:282,0
DA:283,0
DA:284,0
DA:285,0
DA:288,0
DA:289,0
DA:290,0
DA:292,0
DA:294,0
DA:298,12
DA:300,12
DA:301,0
DA:302,0
DA:303,0
DA:305,0
DA:308,0
DA:309,0
DA:312,12
DA:316,12
DA:317,9
DA:318,9
DA:319,0
DA:321,9
DA:322,9
DA:327,1
DA:328,12
DA:330,12
DA:331,0
DA:341,12
DA:343,12
DA:344,12
DA:345,1
DA:348,12
DA:351,0
DA:352,0
DA:353,0
DA:354,0
DA:356,0
DA:358,0
DA:360,0
DA:362,0
DA:363,0
DA:365,0
DA:366,0
DA:367,0
DA:371,0
DA:372,0
DA:373,0
DA:374,0
DA:376,0
DA:378,0
DA:388,0
DA:390,0
DA:392,0
DA:393,0
DA:395,0
DA:396,0
DA:397,0
DA:399,0
DA:401,0
DA:402,0
DA:403,0
DA:408,0
DA:409,0
DA:411,0
DA:413,0
DA:416,0
DA:417,0
DA:420,0
DA:421,0
DA:424,0
DA:425,0
DA:428,0
DA:429,0
LF:222
LH:133
BRDA:69,1,0,15
BRDA:69,1,1,0
BRDA:71,2,0,15
BRDA:71,2,1,0
BRDA:85,3,0,12
BRDA:85,3,1,12
BRDA:98,4,0,0
BRDA:98,4,1,15
BRDA:137,5,0,0
BRDA:137,5,1,11
BRDA:143,6,0,11
BRDA:143,6,1,0
BRDA:171,7,0,11
BRDA:171,7,1,0
BRDA:173,8,0,1
BRDA:173,8,1,10
BRDA:173,9,0,11
BRDA:173,9,1,11
BRDA:205,10,0,1
BRDA:205,10,1,12
BRDA:208,11,0,0
BRDA:208,11,1,1
BRDA:208,12,0,1
BRDA:208,12,1,1
BRDA:232,13,0,24
BRDA:232,13,1,23
BRDA:238,14,0,10
BRDA:238,14,1,0
BRDA:246,15,0,4
BRDA:246,15,1,10
BRDA:253,16,0,0
BRDA:253,16,1,10
BRDA:259,17,0,0
BRDA:259,17,1,10
BRDA:259,18,0,10
BRDA:259,18,1,0
BRDA:266,19,0,0
BRDA:266,19,1,10
BRDA:279,20,0,0
BRDA:279,20,1,12
BRDA:280,21,0,0
BRDA:280,21,1,0
BRDA:288,22,0,0
BRDA:288,22,1,0
BRDA:300,23,0,0
BRDA:300,23,1,12
BRDA:302,24,0,0
BRDA:302,24,1,0
BRDA:308,25,0,0
BRDA:308,25,1,0
BRDA:308,26,0,0
BRDA:308,26,1,0
BRDA:316,27,0,9
BRDA:316,27,1,3
BRDA:318,28,0,0
BRDA:318,28,1,9
BRDA:318,29,0,9
BRDA:318,29,1,0
BRDA:318,29,2,0
BRDA:328,30,0,12
BRDA:328,30,1,0
BRDA:330,31,0,0
BRDA:330,31,1,12
BRDA:344,32,0,1
BRDA:344,32,1,11
BRDA:344,33,0,12
BRDA:344,33,1,12
BRDA:348,34,0,0
BRDA:348,34,1,12
BRDA:348,35,0,12
BRDA:348,35,1,0
BRDA:348,35,2,0
BRDA:360,36,0,0
BRDA:360,36,1,0
BRDA:360,37,0,0
BRDA:360,37,1,0
BRDA:363,38,0,0
BRDA:363,38,1,0
BRDA:388,39,0,0
BRDA:388,39,1,0
BRDA:393,40,0,0
BRDA:393,40,1,0
BRDA:393,41,0,0
BRDA:393,41,1,0
BRDA:408,42,0,0
BRDA:408,42,1,0
BRDA:411,43,0,0
BRDA:411,43,1,0
BRDA:411,44,0,0
BRDA:411,44,1,0
BRDA:416,45,0,0
BRDA:416,45,1,0
BRDA:416,46,0,0
BRDA:416,46,1,0
BRDA:420,47,0,0
BRDA:420,47,1,0
BRDA:420,48,0,0
BRDA:420,48,1,0
BRDA:424,49,0,0
BRDA:424,49,1,0
BRDA:424,50,0,0
BRDA:424,50,1,0
BRDA:428,51,0,0
BRDA:428,51,1,0
BRDA:428,52,0,0
BRDA:428,52,1,0
BRDA:429,53,0,0
BRDA:429,53,1,0
BRF:108
BRH:40
end_of_record
TN:
SF:/Users/czzou/work/tars_node/rpc/core/client/Transceiver.js
FN:8,(anonymous_1)
FN:16,(anonymous_2)
FN:30,(anonymous_3)
FN:42,(anonymous_4)
FN:52,(anonymous_5)
FN:53,(anonymous_6)
FN:54,(anonymous_7)
FN:55,(anonymous_8)
FN:62,(anonymous_9)
FN:66,(anonymous_10)
FN:80,(anonymous_11)
FN:81,(anonymous_12)
FN:82,(anonymous_13)
FN:85,(anonymous_14)
FN:103,(anonymous_15)
FN:113,(anonymous_16)
FN:126,(anonymous_17)
FN:133,(anonymous_18)
FN:134,(anonymous_19)
FN:138,(anonymous_20)
FN:146,(anonymous_21)
FN:147,(anonymous_22)
FN:148,(anonymous_23)
FN:151,(anonymous_24)
FNF:24
FNH:12
FNDA:0,(anonymous_1)
FNDA:15,(anonymous_2)
FNDA:12,(anonymous_3)
FNDA:10,(anonymous_4)
FNDA:10,(anonymous_5)
FNDA:10,(anonymous_6)
FNDA:0,(anonymous_7)
FNDA:9,(anonymous_8)
FNDA:11,(anonymous_9)
FNDA:24,(anonymous_10)
FNDA:48,(anonymous_11)
FNDA:23,(anonymous_12)
FNDA:10,(anonymous_13)
FNDA:25,(anonymous_14)
FNDA:0,(anonymous_15)
FNDA:0,(anonymous_16)
FNDA:0,(anonymous_17)
FNDA:0,(anonymous_18)
FNDA:0,(anonymous_19)
FNDA:0,(anonymous_20)
FNDA:0,(anonymous_21)
FNDA:0,(anonymous_22)
FNDA:0,(anonymous_23)
FNDA:0,(anonymous_24)
DA:4,1
DA:5,1
DA:6,1
DA:8,1
DA:11,1
DA:12,1
DA:13,1
DA:16,1
DA:17,15
DA:18,15
DA:20,15
DA:21,15
DA:22,15
DA:23,15
DA:24,15
DA:26,1
DA:30,1
DA:31,12
DA:32,9
DA:33,9
DA:34,9
DA:35,9
DA:38,12
DA:42,1
DA:43,10
DA:45,10
DA:47,10
DA:48,10
DA:49,10
DA:50,10
DA:51,10
DA:52,10
DA:53,10
DA:54,0
DA:55,9
DA:58,10
DA:59,10
DA:60,10
DA:61,10
DA:62,11
DA:66,1
DA:67,24
DA:69,0
DA:72,24
DA:73,12
DA:74,12
DA:77,12
DA:80,48
DA:81,23
DA:82,10
DA:85,1
DA:86,25
DA:87,25
DA:89,25
DA:90,10
DA:91,10
DA:92,10
DA:93,10
DA:94,10
DA:95,10
DA:99,25
DA:103,1
DA:104,0
DA:105,0
DA:106,0
DA:107,0
DA:108,0
DA:109,0
DA:111,1
DA:113,1
DA:114,0
DA:115,0
DA:116,0
DA:117,0
DA:118,0
DA:119,0
DA:122,0
DA:126,1
DA:127,0
DA:129,0
DA:131,0
DA:132,0
DA:133,0
DA:134,0
DA:135,0
DA:138,1
DA:139,0
DA:141,0
DA:143,0
DA:146,1
DA:147,1
DA:148,1
DA:151,1
DA:152,0
DA:153,0
DA:155,0
DA:158,0
LF:97
LH:68
BRDA:31,1,0,9
BRDA:31,1,1,3
BRDA:31,2,0,12
BRDA:31,2,1,9
BRDA:31,2,2,9
BRDA:47,3,0,10
BRDA:47,3,1,0
BRDA:67,4,0,0
BRDA:67,4,1,24
BRDA:67,5,0,24
BRDA:67,5,1,24
BRDA:67,5,2,24
BRDA:72,6,0,12
BRDA:72,6,1,12
BRDA:89,7,0,10
BRDA:89,7,1,15
BRDA:114,8,0,0
BRDA:114,8,1,0
BRDA:114,9,0,0
BRDA:114,9,1,0
BRDA:114,9,2,0
BRDA:131,10,0,0
BRDA:131,10,1,0
BRF:23
BRH:14
end_of_record
TN:
SF:/Users/czzou/work/tars_node/rpc/core/client/ReqMessage.js
FN:5,(anonymous_1)
FN:19,(anonymous_2)
FN:23,(anonymous_3)
FN:28,(anonymous_4)
FNF:4
FNH:3
FNDA:13,(anonymous_1)
FNDA:12,(anonymous_2)
FNDA:0,(anonymous_3)
FNDA:12,(anonymous_4)
DA:1,1
DA:2,1
DA:5,1
DA:6,13
DA:7,13
DA:8,13
DA:9,13
DA:10,13
DA:11,13
DA:12,13
DA:13,13
DA:14,13
DA:15,13
DA:17,1
DA:19,1
DA:20,12
DA:22,12
DA:23,12
DA:24,0
DA:28,1
DA:29,12
DA:30,12
DA:31,12
LF:23
LH:22
BRDA:24,1,0,0
BRDA:24,1,1,0
BRF:2
BRH:0
end_of_record
TN:
SF:/Users/czzou/work/tars_node/rpc/core/client/ProtoMessage.js
FN:2,(anonymous_1)
FN:10,(anonymous_2)
FNF:2
FNH:1
FNDA:13,(anonymous_1)
FNDA:0,(anonymous_2)
DA:2,1
DA:3,13
DA:4,13
DA:5,13
DA:6,13
DA:10,1
DA:11,0
DA:12,0
DA:13,0
DA:14,0
DA:17,1
DA:18,1
LF:12
LH:8
BRF:0
BRH:0
end_of_record
TN:
SF:/Users/czzou/work/tars_node/rpc/core/client/ServantProxy.js
FN:7,(anonymous_1)
FN:14,(anonymous_2)
FN:16,(anonymous_3)
FN:20,(anonymous_4)
FN:24,(anonymous_5)
FN:44,(anonymous_6)
FN:54,(anonymous_7)
FNF:7
FNH:5
FNDA:2,(anonymous_1)
FNDA:2,(anonymous_2)
FNDA:0,(anonymous_3)
FNDA:2,(anonymous_4)
FNDA:2,(anonymous_5)
FNDA:2,(anonymous_6)
FNDA:0,(anonymous_7)
DA:4,1
DA:5,1
DA:7,1
DA:8,2
DA:9,2
DA:10,2
DA:12,1
DA:14,2
DA:16,1
DA:17,0
DA:20,1
DA:21,2
DA:24,1
DA:25,2
DA:26,2
DA:27,2
DA:28,2
DA:29,2
DA:32,0
DA:35,2
DA:36,2
DA:37,2
DA:38,2
DA:39,2
DA:40,2
DA:41,2
DA:42,2
DA:44,2
DA:45,2
DA:49,2
DA:50,2
DA:51,2
DA:53,2
DA:55,0
DA:56,0
DA:59,0
DA:60,0
DA:61,0
DA:63,0
LF:39
LH:31
BRDA:26,1,0,2
BRDA:26,1,1,0
BRDA:49,2,0,2
BRDA:49,2,1,0
BRDA:49,3,0,2
BRDA:49,3,1,2
BRDA:55,4,0,0
BRDA:55,4,1,0
BRDA:59,5,0,0
BRDA:59,5,1,0
BRDA:59,6,0,0
BRDA:59,6,1,0
BRF:12
BRH:4
end_of_record
TN:
SF:/Users/czzou/work/tars_node/rpc/core/server/HeroServer.js
FN:9,(anonymous_1)
FN:21,(anonymous_2)
FN:32,(anonymous_3)
FN:34,(anonymous_4)
FN:37,(anonymous_5)
FN:52,(anonymous_6)
FN:57,(anonymous_7)
FN:63,(anonymous_8)
FN:72,(anonymous_9)
FN:77,(anonymous_10)
FN:98,(anonymous_11)
FN:111,(anonymous_12)
FN:115,(anonymous_13)
FN:121,(anonymous_14)
FN:136,(anonymous_15)
FN:141,(anonymous_16)
FN:153,(anonymous_17)
FN:158,(anonymous_18)
FN:162,(anonymous_19)
FNF:19
FNH:8
FNDA:6,(anonymous_1)
FNDA:6,(anonymous_2)
FNDA:0,(anonymous_3)
FNDA:0,(anonymous_4)
FNDA:0,(anonymous_5)
FNDA:0,(anonymous_6)
FNDA:6,(anonymous_7)
FNDA:6,(anonymous_8)
FNDA:0,(anonymous_9)
FNDA:0,(anonymous_10)
FNDA:6,(anonymous_11)
FNDA:6,(anonymous_12)
FNDA:6,(anonymous_13)
FNDA:0,(anonymous_14)
FNDA:0,(anonymous_15)
FNDA:0,(anonymous_16)
FNDA:0,(anonymous_17)
FNDA:6,(anonymous_18)
FNDA:0,(anonymous_19)
DA:1,1
DA:2,1
DA:3,1
DA:4,1
DA:5,1
DA:6,1
DA:9,1
DA:10,6
DA:11,6
DA:12,6
DA:13,6
DA:14,6
DA:15,6
DA:16,6
DA:18,1
DA:21,1
DA:22,6
DA:23,6
DA:24,6
DA:25,6
DA:26,6
DA:27,6
DA:28,6
DA:32,1
DA:34,1
DA:37,1
DA:38,0
DA:39,0
DA:40,0
DA:42,0
DA:44,0
DA:46,0
DA:48,0
DA:52,1
DA:53,0
DA:57,1
DA:58,6
DA:59,6
DA:63,1
DA:64,6
DA:66,6
DA:67,6
DA:69,6
DA:72,1
DA:73,0
DA:74,0
DA:77,1
DA:78,0
DA:79,0
DA:81,0
DA:82,0
DA:83,0
DA:85,0
DA:86,0
DA:87,0
DA:88,0
DA:89,0
DA:90,0
DA:91,0
DA:93,0
DA:98,1
DA:99,6
DA:100,6
DA:101,6
DA:102,6
DA:103,6
DA:104,6
DA:105,6
DA:107,6
DA:108,6
DA:111,1
DA:112,6
DA:113,6
DA:115,6
DA:116,6
DA:117,6
DA:118,6
DA:119,6
DA:120,6
DA:121,0
DA:122,0
DA:123,0
DA:126,6
DA:130,6
DA:131,0
DA:136,1
DA:137,0
DA:138,0
DA:141,1
DA:142,0
DA:143,0
DA:144,0
DA:145,0
DA:146,0
DA:147,0
DA:149,0
DA:150,0
DA:153,1
DA:154,0
DA:158,1
DA:159,6
DA:162,1
DA:163,0
DA:164,0
DA:166,0
DA:167,0
DA:168,0
DA:169,0
DA:170,0
DA:171,0
DA:172,0
DA:175,0
DA:176,0
DA:180,0
LF:114
LH:64
BRDA:48,1,0,0
BRDA:48,1,1,0
BRDA:58,2,0,6
BRDA:58,2,1,6
BRDA:64,3,0,6
BRDA:64,3,1,0
BRDA:103,4,0,6
BRDA:103,4,1,0
BRDA:105,5,0,5
BRDA:105,5,1,1
BRDA:120,6,0,0
BRDA:120,6,1,6
BRDA:120,7,0,6
BRDA:120,7,1,0
BRDA:130,8,0,0
BRDA:130,8,1,6
BRDA:147,9,0,0
BRDA:147,9,1,0
BRDA:149,10,0,0
BRDA:149,10,1,0
BRDA:154,11,0,0
BRDA:154,11,1,0
BRDA:159,12,0,0
BRDA:159,12,1,6
BRDA:170,13,0,0
BRDA:170,13,1,0
BRDA:170,14,0,0
BRDA:170,14,1,0
BRDA:175,15,0,0
BRDA:175,15,1,0
BRF:30
BRH:10
end_of_record
TN:
SF:/Users/czzou/work/tars_node/rpc/core/server/BindAdapter.js
FN:10,(anonymous_1)
FN:25,(anonymous_2)
FN:26,(anonymous_3)
FN:28,(anonymous_4)
FN:29,(anonymous_5)
FN:31,(anonymous_6)
FN:32,(anonymous_7)
FN:34,(anonymous_8)
FN:35,(anonymous_9)
FN:37,(anonymous_10)
FN:38,(anonymous_11)
FN:40,(anonymous_12)
FN:41,(anonymous_13)
FN:43,(anonymous_14)
FN:44,(anonymous_15)
FN:46,(anonymous_16)
FN:50,(anonymous_17)
FN:57,(anonymous_18)
FN:62,(anonymous_19)
FNF:19
FNH:14
FNDA:6,(anonymous_1)
FNDA:0,(anonymous_2)
FNDA:6,(anonymous_3)
FNDA:12,(anonymous_4)
FNDA:6,(anonymous_5)
FNDA:0,(anonymous_6)
FNDA:6,(anonymous_7)
FNDA:0,(anonymous_8)
FNDA:6,(anonymous_9)
FNDA:0,(anonymous_10)
FNDA:6,(anonymous_11)
FNDA:0,(anonymous_12)
FNDA:6,(anonymous_13)
FNDA:16,(anonymous_14)
FNDA:6,(anonymous_15)
FNDA:49,(anonymous_16)
FNDA:6,(anonymous_17)
FNDA:6,(anonymous_18)
FNDA:15,(anonymous_19)
DA:1,1
DA:2,1
DA:3,1
DA:4,1
DA:5,1
DA:6,1
DA:10,1
DA:11,6
DA:12,6
DA:13,6
DA:15,6
DA:16,6
DA:17,6
DA:19,6
DA:20,6
DA:22,1
DA:25,1
DA:26,6
DA:28,12
DA:29,6
DA:31,1
DA:32,6
DA:34,1
DA:35,6
DA:37,1
DA:38,6
DA:40,1
DA:41,6
DA:43,16
DA:44,6
DA:46,1
DA:47,49
DA:50,1
DA:51,6
DA:53,6
DA:54,6
DA:57,1
DA:58,6
DA:62,1
DA:63,15
DA:64,15
DA:65,15
DA:66,15
DA:67,15
DA:68,15
DA:70,15
DA:72,15
DA:73,2
DA:74,2
DA:75,2
DA:77,0
DA:82,15
DA:83,13
DA:84,13
DA:85,0
DA:89,0
LF:56
LH:53
BRDA:51,1,0,6
BRDA:51,1,1,0
BRDA:72,2,0,2
BRDA:72,2,1,13
BRDA:73,3,0,2
BRDA:73,3,1,2
BRDA:73,3,2,0
BRDA:74,4,0,2
BRDA:74,4,1,0
BRDA:77,5,0,0
BRDA:77,5,1,0
BRDA:82,6,0,13
BRDA:82,6,1,2
BRDA:84,7,0,0
BRDA:84,7,1,13
BRDA:89,8,0,0
BRDA:89,8,1,0
BRF:17
BRH:9
end_of_record
TN:
SF:/Users/czzou/work/tars_node/rpc/core/server/NetThread.js
FN:8,(anonymous_1)
FN:19,(anonymous_2)
FN:30,(anonymous_3)
FN:34,(anonymous_4)
FN:40,(anonymous_5)
FN:56,(anonymous_6)
FNF:6
FNH:5
FNDA:6,(anonymous_1)
FNDA:6,(anonymous_2)
FNDA:13,(anonymous_3)
FNDA:6,(anonymous_4)
FNDA:13,(anonymous_5)
FNDA:0,(anonymous_6)
DA:1,1
DA:2,1
DA:3,1
DA:4,1
DA:5,1
DA:8,1
DA:9,6
DA:10,6
DA:11,6
DA:12,6
DA:13,6
DA:14,6
DA:16,1
DA:19,1
DA:20,6
DA:21,13
DA:23,13
DA:26,6
DA:30,1
DA:31,13
DA:34,1
DA:35,6
DA:37,6
DA:38,6
DA:39,6
DA:40,6
DA:41,13
DA:42,13
DA:43,13
DA:44,13
DA:45,13
DA:46,13
DA:48,13
DA:49,13
DA:51,13
DA:54,0
DA:55,0
DA:56,0
DA:57,0
DA:58,0
DA:59,0
DA:60,0
DA:61,0
DA:63,0
LF:44
LH:35
BRDA:37,1,0,6
BRDA:37,1,1,0
BRF:2
BRH:1
end_of_record
TN:
SF:/Users/czzou/work/tars_node/rpc/core/server/Transceiver.js
FN:5,(anonymous_1)
FN:16,(anonymous_2)
FN:20,(anonymous_3)
FN:21,(anonymous_4)
FN:22,(anonymous_5)
FN:23,(anonymous_6)
FN:24,(anonymous_7)
FN:37,(anonymous_8)
FN:58,(anonymous_9)
FN:63,(anonymous_10)
FN:68,(anonymous_11)
FN:78,(anonymous_12)
FN:82,(anonymous_13)
FN:83,(anonymous_14)
FN:87,(anonymous_15)
FN:93,(anonymous_16)
FN:97,(anonymous_17)
FNF:17
FNH:7
FNDA:13,(anonymous_1)
FNDA:13,(anonymous_2)
FNDA:0,(anonymous_3)
FNDA:0,(anonymous_4)
FNDA:0,(anonymous_5)
FNDA:13,(anonymous_6)
FNDA:15,(anonymous_7)
FNDA:13,(anonymous_8)
FNDA:14,(anonymous_9)
FNDA:13,(anonymous_10)
FNDA:0,(anonymous_11)
FNDA:0,(anonymous_12)
FNDA:0,(anonymous_13)
FNDA:0,(anonymous_14)
FNDA:0,(anonymous_15)
FNDA:0,(anonymous_16)
FNDA:0,(anonymous_17)
DA:5,1
DA:6,13
DA:7,13
DA:8,13
DA:9,13
DA:10,13
DA:11,13
DA:12,13
DA:14,1
DA:16,1
DA:17,13
DA:19,13
DA:20,0
DA:21,0
DA:22,0
DA:23,13
DA:24,15
DA:27,13
DA:28,13
DA:29,13
DA:30,13
DA:31,13
DA:32,13
DA:34,13
DA:37,1
DA:38,13
DA:39,13
DA:41,13
DA:43,13
DA:44,13
DA:45,13
DA:46,13
DA:47,13
DA:48,13
DA:49,13
DA:51,13
DA:53,0
DA:58,1
DA:59,14
DA:60,14
DA:63,1
DA:64,13
DA:68,1
DA:69,0
DA:70,0
DA:71,0
DA:72,0
DA:74,0
DA:76,1
DA:78,1
DA:79,0
DA:81,0
DA:82,0
DA:83,0
DA:84,0
DA:87,1
DA:88,0
DA:90,0
DA:93,1
DA:94,0
DA:97,1
LF:61
LH:44
BRDA:38,1,0,13
BRDA:38,1,1,0
BRDA:59,2,0,14
BRDA:59,2,1,0
BRF:4
BRH:2
end_of_record
TN:
SF:/Users/czzou/work/tars_node/rpc/core/server/TarsCurrent.js
FN:9,(anonymous_1)
FN:24,(anonymous_2)
FN:26,(anonymous_3)
FN:29,(anonymous_4)
FN:34,(anonymous_5)
FN:39,(anonymous_6)
FN:44,(anonymous_7)
FN:49,(anonymous_8)
FN:54,(anonymous_9)
FN:59,(anonymous_10)
FN:64,(anonymous_11)
FN:75,(anonymous_12)
FN:96,(anonymous_13)
FN:113,(anonymous_14)
FN:121,(anonymous_15)
FNF:15
FNH:5
FNDA:15,(anonymous_1)
FNDA:0,(anonymous_2)
FNDA:0,(anonymous_3)
FNDA:0,(anonymous_4)
FNDA:52,(anonymous_5)
FNDA:0,(anonymous_6)
FNDA:0,(anonymous_7)
FNDA:0,(anonymous_8)
FNDA:0,(anonymous_9)
FNDA:0,(anonymous_10)
FNDA:2,(anonymous_11)
FNDA:13,(anonymous_12)
FNDA:0,(anonymous_13)
FNDA:0,(anonymous_14)
FNDA:13,(anonymous_15)
DA:1,1
DA:2,1
DA:3,1
DA:4,1
DA:5,1
DA:9,1
DA:10,15
DA:11,15
DA:12,15
DA:13,15
DA:14,15
DA:15,15
DA:16,15
DA:17,15
DA:19,1
DA:24,1
DA:26,1
DA:29,1
DA:30,0
DA:34,1
DA:35,52
DA:39,1
DA:40,0
DA:44,1
DA:45,0
DA:49,1
DA:50,0
DA:54,1
DA:55,0
DA:59,1
DA:60,0
DA:64,1
DA:65,2
DA:66,2
DA:67,2
DA:68,2
DA:69,2
DA:71,2
DA:75,1
DA:77,13
DA:80,13
DA:81,1
DA:85,12
DA:86,12
DA:87,12
DA:88,12
DA:89,12
DA:90,12
DA:92,12
DA:96,1
DA:98,0
DA:99,0
DA:103,0
DA:104,0
DA:105,0
DA:106,0
DA:107,0
DA:109,0
DA:113,1
DA:114,0
DA:115,0
DA:117,0
DA:121,1
DA:123,13
DA:124,13
DA:126,0
DA:127,0
DA:130,0
DA:131,0
DA:132,0
DA:133,0
DA:134,0
DA:135,0
DA:136,0
DA:138,0
DA:141,0
DA:143,0
DA:146,0
DA:148,0
DA:149,0
DA:153,0
DA:155,0
DA:156,0
DA:158,0
DA:160,0
DA:161,0
DA:163,0
DA:164,0
DA:165,0
DA:166,0
DA:167,0
DA:169,0
DA:175,0
DA:185,0
DA:186,0
DA:188,0
DA:189,0
DA:191,0
DA:192,0
DA:194,0
LF:100
LH:48
BRDA:35,1,0,52
BRDA:35,1,1,0
BRDA:40,2,0,0
BRDA:40,2,1,0
BRDA:45,3,0,0
BRDA:45,3,1,0
BRDA:50,4,0,0
BRDA:50,4,1,0
BRDA:80,5,0,1
BRDA:80,5,1,12
BRDA:80,6,0,13
BRDA:80,6,1,13
BRDA:98,7,0,0
BRDA:98,7,1,0
BRDA:98,8,0,0
BRDA:98,8,1,0
BRDA:115,9,0,0
BRDA:115,9,1,0
BRDA:123,10,0,13
BRDA:123,10,1,0
BRDA:126,11,0,0
BRDA:126,11,1,0
BRDA:131,12,0,0
BRDA:131,12,1,0
BRDA:131,13,0,0
BRDA:131,13,1,0
BRDA:133,14,0,0
BRDA:133,14,1,0
BRDA:135,15,0,0
BRDA:135,15,1,0
BRDA:143,16,0,0
BRDA:143,16,1,0
BRDA:146,17,0,0
BRDA:146,17,1,0
BRDA:153,18,0,0
BRDA:153,18,1,0
BRDA:158,19,0,0
BRDA:158,19,1,0
BRDA:158,20,0,0
BRDA:158,20,1,0
BRDA:161,21,0,0
BRDA:161,21,1,0
BRDA:165,22,0,0
BRDA:165,22,1,0
BRDA:166,23,0,0
BRDA:166,23,1,0
BRDA:167,24,0,0
BRDA:167,24,1,0
BRDA:185,25,0,0
BRDA:185,25,1,0
BRDA:188,26,0,0
BRDA:188,26,1,0
BRDA:191,27,0,0
BRDA:191,27,1,0
BRF:54
BRH:6
end_of_record
TN:
SF:/Users/czzou/work/tars_node/rpc/core/server/ProtoMessage.js
FN:2,(anonymous_1)
FN:10,(anonymous_2)
FNF:2
FNH:1
FNDA:0,(anonymous_1)
FNDA:14,(anonymous_2)
DA:2,1
DA:3,0
DA:4,0
DA:5,0
DA:6,0
DA:10,1
DA:11,14
DA:12,14
DA:13,14
DA:14,14
DA:15,14
DA:18,1
DA:19,1
LF:13
LH:9
BRF:0
BRH:0
end_of_record
TN:
SF:/Users/czzou/work/tars_node/rpc/core/rpc-json/index.js
FNF:0
FNH:0
DA:1,1
DA:2,1
LF:2
LH:2
BRF:0
BRH:0
end_of_record
TN:
SF:/Users/czzou/work/tars_node/rpc/core/rpc-json/json-client.js
FN:9,(anonymous_1)
FN:16,(anonymous_2)
FN:27,(anonymous_3)
FN:46,(anonymous_4)
FN:53,(anonymous_5)
FN:95,(anonymous_6)
FNF:6
FNH:4
FNDA:1,(anonymous_1)
FNDA:0,(anonymous_2)
FNDA:2,(anonymous_3)
FNDA:2,(anonymous_4)
FNDA:2,(anonymous_5)
FNDA:0,(anonymous_6)
DA:6,1
DA:7,1
DA:9,1
DA:10,1
DA:11,1
DA:12,1
DA:14,1
DA:16,1
DA:18,1
DA:27,1
DA:28,2
DA:34,2
DA:35,2
DA:36,2
DA:37,2
DA:39,2
DA:46,1
DA:47,2
DA:48,2
DA:49,2
DA:50,2
DA:53,1
DA:54,2
DA:55,2
DA:56,0
DA:57,0
DA:58,0
DA:59,0
DA:60,0
DA:63,2
DA:64,2
DA:65,0
DA:67,2
DA:68,2
DA:69,0
DA:72,2
DA:73,2
DA:74,2
DA:75,2
DA:76,2
DA:77,2
DA:82,2
DA:83,2
DA:86,2
DA:87,0
DA:88,0
DA:95,1
DA:96,0
DA:97,0
LF:49
LH:38
BRDA:55,1,0,0
BRDA:55,1,1,2
BRDA:64,2,0,0
BRDA:64,2,1,2
BRDA:68,3,0,0
BRDA:68,3,1,2
BRDA:86,4,0,0
BRDA:86,4,1,2
BRF:8
BRH:4
end_of_record
TN:
SF:/Users/czzou/work/tars_node/rpc/core/rpc-json/json-server.js
FN:9,(anonymous_1)
FN:16,(anonymous_2)
FN:27,(anonymous_3)
FN:48,(anonymous_4)
FN:55,(anonymous_5)
FN:98,(anonymous_6)
FNF:6
FNH:4
FNDA:1,(anonymous_1)
FNDA:0,(anonymous_2)
FNDA:2,(anonymous_3)
FNDA:2,(anonymous_4)
FNDA:2,(anonymous_5)
FNDA:0,(anonymous_6)
DA:6,1
DA:7,1
DA:9,1
DA:10,1
DA:11,1
DA:12,1
DA:14,1
DA:16,1
DA:18,1
DA:27,1
DA:28,2
DA:36,2
DA:37,2
DA:38,2
DA:39,2
DA:41,2
DA:48,1
DA:49,2
DA:50,2
DA:51,2
DA:52,2
DA:55,1
DA:56,2
DA:57,2
DA:58,0
DA:59,0
DA:60,0
DA:61,0
DA:62,0
DA:65,2
DA:66,2
DA:67,0
DA:69,2
DA:70,2
DA:71,0
DA:74,2
DA:75,2
DA:76,2
DA:77,2
DA:78,2
DA:79,2
DA:85,2
DA:86,2
DA:89,2
DA:90,0
DA:91,0
DA:98,1
DA:99,0
DA:100,0
LF:49
LH:38
BRDA:57,1,0,0
BRDA:57,1,1,2
BRDA:66,2,0,0
BRDA:66,2,1,2
BRDA:70,3,0,0
BRDA:70,3,1,2
BRDA:89,4,0,0
BRDA:89,4,1,2
BRF:8
BRH:4
end_of_record
